2018-04-08 18:36:52,226 [Worker-0] INFO  c.g.t.t.d.PublishedGradleVersions - Gradle version information cache is out-of-date. Trying to update.
2018-04-08 18:59:55,770 [Worker-19] INFO  o.e.m.c.i.l.LifecycleMappingFactory - Using NULL lifecycle mapping for MavenProject: com.seu.edu:e3-parent:0.0.1-SNAPSHOT @ /home/dpf/eclipse/e-mall/e3-parent/pom.xml.
2018-04-08 19:01:51,321 [Worker-20] INFO  o.e.m.c.i.l.LifecycleMappingFactory - Using NULL lifecycle mapping for MavenProject: cn.e3mall:e3-parent:0.0.1-SNAPSHOT @ /home/dpf/eclipse/e-mall/e3-parent/pom.xml.
2018-04-08 19:09:03,321 [Worker-22] INFO  o.e.m.c.i.l.LifecycleMappingFactory - Using NULL lifecycle mapping for MavenProject: cn.e3mall:e3-parent:0.0.1-SNAPSHOT @ /home/dpf/eclipse/e-mall/parent/pom.xml.
2018-04-08 19:11:09,748 [Worker-26] ERROR o.e.m.c.i.p.r.ProjectRegistryManager - Failed to read Maven project: 1 problem was encountered while building the effective model for com.seu.edu:common:0.0.1-SNAPSHOT
[FATAL] Non-resolvable parent POM for com.seu.edu:common:0.0.1-SNAPSHOT: Could not find artifact com.seu.edu:parent:pom:0.0.1-SNAPSHOT and 'parent.relativePath' points at wrong local POM @ line 3, column 11
 for project com.seu.edu:common:0.0.1-SNAPSHOT at /home/dpf/eclipse/e-mall/common/pom.xml
org.apache.maven.project.ProjectBuildingException: 1 problem was encountered while building the effective model for com.seu.edu:common:0.0.1-SNAPSHOT
[FATAL] Non-resolvable parent POM for com.seu.edu:common:0.0.1-SNAPSHOT: Could not find artifact com.seu.edu:parent:pom:0.0.1-SNAPSHOT and 'parent.relativePath' points at wrong local POM @ line 3, column 11
 for project com.seu.edu:common:0.0.1-SNAPSHOT at /home/dpf/eclipse/e-mall/common/pom.xml
	at org.apache.maven.project.DefaultProjectBuilder.build(DefaultProjectBuilder.java:168) ~[maven-core-3.3.9.jar:3.3.9]
	at org.apache.maven.project.DefaultProjectBuilder.build(DefaultProjectBuilder.java:119) ~[maven-core-3.3.9.jar:3.3.9]
	at org.eclipse.m2e.core.internal.embedder.MavenImpl.readMavenProject(MavenImpl.java:636) ~[org.eclipse.m2e.core_1.8.2.20171007-0217.jar:na]
	at org.eclipse.m2e.core.internal.project.registry.ProjectRegistryManager$5.call(ProjectRegistryManager.java:816) ~[org.eclipse.m2e.core_1.8.2.20171007-0217.jar:na]
	at org.eclipse.m2e.core.internal.project.registry.ProjectRegistryManager$5.call(ProjectRegistryManager.java:1) ~[org.eclipse.m2e.core_1.8.2.20171007-0217.jar:na]
	at org.eclipse.m2e.core.internal.embedder.MavenExecutionContext.executeBare(MavenExecutionContext.java:177) ~[org.eclipse.m2e.core_1.8.2.20171007-0217.jar:na]
	at org.eclipse.m2e.core.internal.embedder.MavenExecutionContext.execute(MavenExecutionContext.java:151) ~[org.eclipse.m2e.core_1.8.2.20171007-0217.jar:na]
	at org.eclipse.m2e.core.internal.embedder.MavenExecutionContext.execute(MavenExecutionContext.java:99) ~[org.eclipse.m2e.core_1.8.2.20171007-0217.jar:na]
	at org.eclipse.m2e.core.internal.project.registry.ProjectRegistryManager.execute(ProjectRegistryManager.java:967) ~[org.eclipse.m2e.core_1.8.2.20171007-0217.jar:na]
	at org.eclipse.m2e.core.internal.project.registry.ProjectRegistryManager.readProjectWithDependencies(ProjectRegistryManager.java:811) ~[org.eclipse.m2e.core_1.8.2.20171007-0217.jar:na]
	at org.eclipse.m2e.core.internal.project.registry.ProjectRegistryManager.create(ProjectRegistryManager.java:192) ~[org.eclipse.m2e.core_1.8.2.20171007-0217.jar:na]
	at org.eclipse.m2e.core.internal.project.registry.MavenProjectManager.create(MavenProjectManager.java:80) [org.eclipse.m2e.core_1.8.2.20171007-0217.jar:na]
	at org.eclipse.m2e.core.ui.internal.actions.SelectionUtil.getMavenProject(SelectionUtil.java:259) [org.eclipse.m2e.core.ui_1.8.2.20171007-0217.jar:na]
	at org.eclipse.m2e.editor.pom.MavenPomEditor.readMavenProject(MavenPomEditor.java:742) [org.eclipse.m2e.editor_1.8.2.20171007-0217.jar:na]
	at org.eclipse.m2e.editor.pom.MavenPomEditor$5.run(MavenPomEditor.java:1077) [org.eclipse.m2e.editor_1.8.2.20171007-0217.jar:na]
	at org.eclipse.core.internal.jobs.Worker.run(Worker.java:56) [org.eclipse.core.jobs_3.9.2.v20171030-1027.jar:na]
Caused by: org.apache.maven.model.building.ModelBuildingException: 1 problem was encountered while building the effective model for com.seu.edu:common:0.0.1-SNAPSHOT
[FATAL] Non-resolvable parent POM for com.seu.edu:common:0.0.1-SNAPSHOT: Could not find artifact com.seu.edu:parent:pom:0.0.1-SNAPSHOT and 'parent.relativePath' points at wrong local POM @ line 3, column 11

	at org.apache.maven.model.building.DefaultModelProblemCollector.newModelBuildingException(DefaultModelProblemCollector.java:197) ~[maven-model-builder-3.3.9.jar:3.3.9]
	at org.apache.maven.model.building.DefaultModelBuilder.readParentExternally(DefaultModelBuilder.java:1029) ~[maven-model-builder-3.3.9.jar:3.3.9]
	at org.apache.maven.model.building.DefaultModelBuilder.readParent(DefaultModelBuilder.java:800) ~[maven-model-builder-3.3.9.jar:3.3.9]
	at org.apache.maven.model.building.DefaultModelBuilder.build(DefaultModelBuilder.java:329) ~[maven-model-builder-3.3.9.jar:3.3.9]
	at org.apache.maven.project.DefaultProjectBuilder.build(DefaultProjectBuilder.java:161) ~[maven-core-3.3.9.jar:3.3.9]
	... 15 common frames omitted
2018-04-08 19:11:33,324 [Worker-20] INFO  o.e.m.c.i.l.LifecycleMappingFactory - Using NULL lifecycle mapping for MavenProject: cn.e3mall:e3-parent:0.0.1-SNAPSHOT @ /home/dpf/eclipse/e-mall/e-parent/pom.xml.
2018-04-08 19:12:01,723 [Worker-27] ERROR o.e.m.c.i.p.r.ProjectRegistryManager - Failed to read Maven project: 1 problem was encountered while building the effective model for com.seu.edu:e-common:0.0.1-SNAPSHOT
[FATAL] Non-resolvable parent POM for com.seu.edu:e-common:0.0.1-SNAPSHOT: Could not find artifact com.seu.edu:e-parent:pom:0.0.1-SNAPSHOT and 'parent.relativePath' points at wrong local POM @ line 3, column 11
 for project com.seu.edu:e-common:0.0.1-SNAPSHOT at /home/dpf/eclipse/e-mall/e-common/pom.xml
org.apache.maven.project.ProjectBuildingException: 1 problem was encountered while building the effective model for com.seu.edu:e-common:0.0.1-SNAPSHOT
[FATAL] Non-resolvable parent POM for com.seu.edu:e-common:0.0.1-SNAPSHOT: Could not find artifact com.seu.edu:e-parent:pom:0.0.1-SNAPSHOT and 'parent.relativePath' points at wrong local POM @ line 3, column 11
 for project com.seu.edu:e-common:0.0.1-SNAPSHOT at /home/dpf/eclipse/e-mall/e-common/pom.xml
	at org.apache.maven.project.DefaultProjectBuilder.build(DefaultProjectBuilder.java:168) ~[maven-core-3.3.9.jar:3.3.9]
	at org.apache.maven.project.DefaultProjectBuilder.build(DefaultProjectBuilder.java:119) ~[maven-core-3.3.9.jar:3.3.9]
	at org.eclipse.m2e.core.internal.embedder.MavenImpl.readMavenProject(MavenImpl.java:636) ~[org.eclipse.m2e.core_1.8.2.20171007-0217.jar:na]
	at org.eclipse.m2e.core.internal.project.registry.ProjectRegistryManager$5.call(ProjectRegistryManager.java:816) ~[org.eclipse.m2e.core_1.8.2.20171007-0217.jar:na]
	at org.eclipse.m2e.core.internal.project.registry.ProjectRegistryManager$5.call(ProjectRegistryManager.java:1) ~[org.eclipse.m2e.core_1.8.2.20171007-0217.jar:na]
	at org.eclipse.m2e.core.internal.embedder.MavenExecutionContext.executeBare(MavenExecutionContext.java:177) ~[org.eclipse.m2e.core_1.8.2.20171007-0217.jar:na]
	at org.eclipse.m2e.core.internal.embedder.MavenExecutionContext.execute(MavenExecutionContext.java:151) ~[org.eclipse.m2e.core_1.8.2.20171007-0217.jar:na]
	at org.eclipse.m2e.core.internal.embedder.MavenExecutionContext.execute(MavenExecutionContext.java:99) ~[org.eclipse.m2e.core_1.8.2.20171007-0217.jar:na]
	at org.eclipse.m2e.core.internal.project.registry.ProjectRegistryManager.execute(ProjectRegistryManager.java:967) ~[org.eclipse.m2e.core_1.8.2.20171007-0217.jar:na]
	at org.eclipse.m2e.core.internal.project.registry.ProjectRegistryManager.readProjectWithDependencies(ProjectRegistryManager.java:811) ~[org.eclipse.m2e.core_1.8.2.20171007-0217.jar:na]
	at org.eclipse.m2e.core.internal.project.registry.ProjectRegistryManager.create(ProjectRegistryManager.java:192) ~[org.eclipse.m2e.core_1.8.2.20171007-0217.jar:na]
	at org.eclipse.m2e.core.internal.project.registry.MavenProjectManager.create(MavenProjectManager.java:80) [org.eclipse.m2e.core_1.8.2.20171007-0217.jar:na]
	at org.eclipse.m2e.core.ui.internal.actions.SelectionUtil.getMavenProject(SelectionUtil.java:259) [org.eclipse.m2e.core.ui_1.8.2.20171007-0217.jar:na]
	at org.eclipse.m2e.editor.pom.MavenPomEditor.readMavenProject(MavenPomEditor.java:742) [org.eclipse.m2e.editor_1.8.2.20171007-0217.jar:na]
	at org.eclipse.m2e.editor.pom.MavenPomEditor$5.run(MavenPomEditor.java:1077) [org.eclipse.m2e.editor_1.8.2.20171007-0217.jar:na]
	at org.eclipse.core.internal.jobs.Worker.run(Worker.java:56) [org.eclipse.core.jobs_3.9.2.v20171030-1027.jar:na]
Caused by: org.apache.maven.model.building.ModelBuildingException: 1 problem was encountered while building the effective model for com.seu.edu:e-common:0.0.1-SNAPSHOT
[FATAL] Non-resolvable parent POM for com.seu.edu:e-common:0.0.1-SNAPSHOT: Could not find artifact com.seu.edu:e-parent:pom:0.0.1-SNAPSHOT and 'parent.relativePath' points at wrong local POM @ line 3, column 11

	at org.apache.maven.model.building.DefaultModelProblemCollector.newModelBuildingException(DefaultModelProblemCollector.java:197) ~[maven-model-builder-3.3.9.jar:3.3.9]
	at org.apache.maven.model.building.DefaultModelBuilder.readParentExternally(DefaultModelBuilder.java:1029) ~[maven-model-builder-3.3.9.jar:3.3.9]
	at org.apache.maven.model.building.DefaultModelBuilder.readParent(DefaultModelBuilder.java:800) ~[maven-model-builder-3.3.9.jar:3.3.9]
	at org.apache.maven.model.building.DefaultModelBuilder.build(DefaultModelBuilder.java:329) ~[maven-model-builder-3.3.9.jar:3.3.9]
	at org.apache.maven.project.DefaultProjectBuilder.build(DefaultProjectBuilder.java:161) ~[maven-core-3.3.9.jar:3.3.9]
	... 15 common frames omitted
2018-04-08 19:14:15,962 [Worker-24] ERROR o.e.m.c.i.p.r.ProjectRegistryManager - Failed to read Maven project: 1 problem was encountered while building the effective model for com.seu.edu:e-common:0.0.1-SNAPSHOT
[FATAL] Non-resolvable parent POM for com.seu.edu:e-common:0.0.1-SNAPSHOT: Could not find artifact com.seu.edu:e-parent:pom:0.0.1-SNAPSHOT and 'parent.relativePath' points at wrong local POM @ line 3, column 11
 for project com.seu.edu:e-common:0.0.1-SNAPSHOT at /home/dpf/eclipse/e-mall/e-common/pom.xml
org.apache.maven.project.ProjectBuildingException: 1 problem was encountered while building the effective model for com.seu.edu:e-common:0.0.1-SNAPSHOT
[FATAL] Non-resolvable parent POM for com.seu.edu:e-common:0.0.1-SNAPSHOT: Could not find artifact com.seu.edu:e-parent:pom:0.0.1-SNAPSHOT and 'parent.relativePath' points at wrong local POM @ line 3, column 11
 for project com.seu.edu:e-common:0.0.1-SNAPSHOT at /home/dpf/eclipse/e-mall/e-common/pom.xml
	at org.apache.maven.project.DefaultProjectBuilder.build(DefaultProjectBuilder.java:168) ~[maven-core-3.3.9.jar:3.3.9]
	at org.apache.maven.project.DefaultProjectBuilder.build(DefaultProjectBuilder.java:119) ~[maven-core-3.3.9.jar:3.3.9]
	at org.eclipse.m2e.core.internal.embedder.MavenImpl.readMavenProject(MavenImpl.java:636) ~[org.eclipse.m2e.core_1.8.2.20171007-0217.jar:na]
	at org.eclipse.m2e.core.internal.project.registry.ProjectRegistryManager$5.call(ProjectRegistryManager.java:816) ~[org.eclipse.m2e.core_1.8.2.20171007-0217.jar:na]
	at org.eclipse.m2e.core.internal.project.registry.ProjectRegistryManager$5.call(ProjectRegistryManager.java:1) ~[org.eclipse.m2e.core_1.8.2.20171007-0217.jar:na]
	at org.eclipse.m2e.core.internal.embedder.MavenExecutionContext.executeBare(MavenExecutionContext.java:177) ~[org.eclipse.m2e.core_1.8.2.20171007-0217.jar:na]
	at org.eclipse.m2e.core.internal.embedder.MavenExecutionContext.execute(MavenExecutionContext.java:151) ~[org.eclipse.m2e.core_1.8.2.20171007-0217.jar:na]
	at org.eclipse.m2e.core.internal.embedder.MavenExecutionContext.execute(MavenExecutionContext.java:99) ~[org.eclipse.m2e.core_1.8.2.20171007-0217.jar:na]
	at org.eclipse.m2e.core.internal.project.registry.ProjectRegistryManager.execute(ProjectRegistryManager.java:967) ~[org.eclipse.m2e.core_1.8.2.20171007-0217.jar:na]
	at org.eclipse.m2e.core.internal.project.registry.ProjectRegistryManager.readProjectWithDependencies(ProjectRegistryManager.java:811) ~[org.eclipse.m2e.core_1.8.2.20171007-0217.jar:na]
	at org.eclipse.m2e.core.internal.project.registry.ProjectRegistryManager.create(ProjectRegistryManager.java:192) ~[org.eclipse.m2e.core_1.8.2.20171007-0217.jar:na]
	at org.eclipse.m2e.core.internal.project.registry.MavenProjectManager.create(MavenProjectManager.java:80) [org.eclipse.m2e.core_1.8.2.20171007-0217.jar:na]
	at org.eclipse.m2e.core.ui.internal.actions.SelectionUtil.getMavenProject(SelectionUtil.java:259) [org.eclipse.m2e.core.ui_1.8.2.20171007-0217.jar:na]
	at org.eclipse.m2e.editor.pom.MavenPomEditor.readMavenProject(MavenPomEditor.java:742) [org.eclipse.m2e.editor_1.8.2.20171007-0217.jar:na]
	at org.eclipse.m2e.editor.pom.MavenPomEditor$5.run(MavenPomEditor.java:1077) [org.eclipse.m2e.editor_1.8.2.20171007-0217.jar:na]
	at org.eclipse.core.internal.jobs.Worker.run(Worker.java:56) [org.eclipse.core.jobs_3.9.2.v20171030-1027.jar:na]
Caused by: org.apache.maven.model.building.ModelBuildingException: 1 problem was encountered while building the effective model for com.seu.edu:e-common:0.0.1-SNAPSHOT
[FATAL] Non-resolvable parent POM for com.seu.edu:e-common:0.0.1-SNAPSHOT: Could not find artifact com.seu.edu:e-parent:pom:0.0.1-SNAPSHOT and 'parent.relativePath' points at wrong local POM @ line 3, column 11

	at org.apache.maven.model.building.DefaultModelProblemCollector.newModelBuildingException(DefaultModelProblemCollector.java:197) ~[maven-model-builder-3.3.9.jar:3.3.9]
	at org.apache.maven.model.building.DefaultModelBuilder.readParentExternally(DefaultModelBuilder.java:1029) ~[maven-model-builder-3.3.9.jar:3.3.9]
	at org.apache.maven.model.building.DefaultModelBuilder.readParent(DefaultModelBuilder.java:800) ~[maven-model-builder-3.3.9.jar:3.3.9]
	at org.apache.maven.model.building.DefaultModelBuilder.build(DefaultModelBuilder.java:329) ~[maven-model-builder-3.3.9.jar:3.3.9]
	at org.apache.maven.project.DefaultProjectBuilder.build(DefaultProjectBuilder.java:161) ~[maven-core-3.3.9.jar:3.3.9]
	... 15 common frames omitted
2018-04-08 19:15:58,814 [Worker-25] INFO  o.e.m.i.launch.MavenLaunchDelegate - /home/dpf/eclipse/e-mall/e-parent
2018-04-08 19:15:58,816 [Worker-25] INFO  o.e.m.i.launch.MavenLaunchDelegate -  mvn -B -s /home/dpf/eclipse/e-mall/repository/settings.xml install
2018-04-08 19:17:06,992 [Worker-25] INFO  o.e.m.c.i.l.LifecycleMappingFactory - Using NULL lifecycle mapping for MavenProject: com.seu.edu:e-parent:0.0.1-SNAPSHOT @ /home/dpf/eclipse/e-mall/e-parent/pom.xml.
2018-04-08 19:17:07,377 [Worker-25] INFO  o.e.m.c.i.l.LifecycleMappingFactory - Using org.eclipse.m2e.jdt.JarLifecycleMapping lifecycle mapping for MavenProject: com.seu.edu:e-common:0.0.1-SNAPSHOT @ /home/dpf/eclipse/e-mall/e-common/pom.xml.
2018-04-08 19:17:18,140 [Worker-20] INFO  o.e.m.c.i.l.LifecycleMappingFactory - Using org.eclipse.m2e.jdt.JarLifecycleMapping lifecycle mapping for MavenProject: com.seu.edu:e-common:0.0.1-SNAPSHOT @ /home/dpf/eclipse/e-mall/e-common/pom.xml.
2018-04-08 19:17:18,214 [Worker-20] INFO  o.e.m.c.i.embedder.EclipseLogger - Using 'UTF-8' encoding to copy filtered resources.
2018-04-08 19:17:18,217 [Worker-20] INFO  o.e.m.c.i.embedder.EclipseLogger - Copying 0 resource
2018-04-08 19:17:18,219 [Worker-20] INFO  o.e.m.c.i.embedder.EclipseLogger - Using 'UTF-8' encoding to copy filtered resources.
2018-04-08 19:17:18,219 [Worker-20] INFO  o.e.m.c.i.embedder.EclipseLogger - Copying 0 resource
2018-04-08 19:18:36,087 [Worker-29] WARN  o.e.m.c.i.embedder.EclipseLogger - The artifact org.apache.commons:commons-io:jar:1.3.2 has been relocated to commons-io:commons-io:jar:1.3.2
2018-04-08 19:18:36,182 [Worker-30] INFO  o.e.m.c.i.l.LifecycleMappingFactory - Using null lifecycle mapping for MavenProject: com.seu.edu:e-common:0.0.1-SNAPSHOT @ /home/dpf/eclipse/e-mall/e-common/pom.xml.
2018-04-08 19:18:36,235 [Worker-30] WARN  o.e.m.c.i.embedder.EclipseLogger - The artifact org.apache.commons:commons-io:jar:1.3.2 has been relocated to commons-io:commons-io:jar:1.3.2
2018-04-08 19:18:50,012 [Worker-29] WARN  o.e.m.c.i.embedder.EclipseLogger - The artifact org.apache.commons:commons-io:jar:1.3.2 has been relocated to commons-io:commons-io:jar:1.3.2
2018-04-08 19:18:50,214 [Worker-20] INFO  o.e.m.c.i.l.LifecycleMappingFactory - Using org.eclipse.m2e.jdt.JarLifecycleMapping lifecycle mapping for MavenProject: com.seu.edu:e-common:0.0.1-SNAPSHOT @ /home/dpf/eclipse/e-mall/e-common/pom.xml.
2018-04-08 19:18:50,253 [Worker-20] WARN  o.e.m.c.i.embedder.EclipseLogger - The artifact org.apache.commons:commons-io:jar:1.3.2 has been relocated to commons-io:commons-io:jar:1.3.2
2018-04-08 19:18:50,328 [Worker-20] INFO  o.e.m.c.i.embedder.EclipseLogger - Using 'UTF-8' encoding to copy filtered resources.
2018-04-08 19:18:50,331 [Worker-20] INFO  o.e.m.c.i.embedder.EclipseLogger - Copying 0 resource
2018-04-08 19:18:50,333 [Worker-20] INFO  o.e.m.c.i.embedder.EclipseLogger - Using 'UTF-8' encoding to copy filtered resources.
2018-04-08 19:18:50,333 [Worker-20] INFO  o.e.m.c.i.embedder.EclipseLogger - Copying 0 resource
2018-04-08 19:20:19,842 [Worker-20] WARN  o.e.m.c.i.embedder.EclipseLogger - The artifact org.apache.commons:commons-io:jar:1.3.2 has been relocated to commons-io:commons-io:jar:1.3.2
2018-04-08 19:20:20,076 [Worker-30] INFO  o.e.m.c.i.l.LifecycleMappingFactory - Using org.eclipse.m2e.jdt.JarLifecycleMapping lifecycle mapping for MavenProject: com.seu.edu:e-common:0.0.1-SNAPSHOT @ /home/dpf/eclipse/e-mall/e-common/pom.xml.
2018-04-08 19:20:20,117 [Worker-30] WARN  o.e.m.c.i.embedder.EclipseLogger - The artifact org.apache.commons:commons-io:jar:1.3.2 has been relocated to commons-io:commons-io:jar:1.3.2
2018-04-08 19:20:20,192 [Worker-30] INFO  o.e.m.c.i.embedder.EclipseLogger - Using 'UTF-8' encoding to copy filtered resources.
2018-04-08 19:20:20,195 [Worker-30] INFO  o.e.m.c.i.embedder.EclipseLogger - Copying 0 resource
2018-04-08 19:20:20,197 [Worker-30] INFO  o.e.m.c.i.embedder.EclipseLogger - Using 'UTF-8' encoding to copy filtered resources.
2018-04-08 19:20:20,197 [Worker-30] INFO  o.e.m.c.i.embedder.EclipseLogger - Copying 0 resource
2018-04-08 19:21:01,062 [Worker-29] INFO  o.e.m.c.i.l.LifecycleMappingFactory - Using NULL lifecycle mapping for MavenProject: com.seu.edu:e-manager:0.0.1-SNAPSHOT @ /home/dpf/eclipse/e-mall/e-manager/pom.xml.
2018-04-08 19:22:45,414 [Worker-30] INFO  o.e.m.c.i.l.LifecycleMappingFactory - Using NULL lifecycle mapping for MavenProject: com.seu.edu:e-manager:0.0.1-SNAPSHOT @ /home/dpf/eclipse/e-mall/e-manager/pom.xml.
2018-04-08 19:24:13,982 [Worker-30] INFO  o.e.m.c.i.l.LifecycleMappingFactory - Using org.eclipse.m2e.jdt.JarLifecycleMapping lifecycle mapping for MavenProject: com.seu.edu:e-manager-pojo:0.0.1-SNAPSHOT @ /home/dpf/eclipse/e-mall/e-manager/e-manager-pojo/pom.xml.
2018-04-08 19:24:14,163 [Worker-30] INFO  o.e.m.j.i.AbstractJavaProjectConfigurator - Adding source folder /e-manager-pojo/src/main/java
2018-04-08 19:24:14,163 [Worker-30] INFO  o.e.m.j.i.AbstractJavaProjectConfigurator - Adding resource folder /e-manager-pojo/src/main/resources
2018-04-08 19:24:14,165 [Worker-30] INFO  o.e.m.j.i.AbstractJavaProjectConfigurator - Adding source folder /e-manager-pojo/src/test/java
2018-04-08 19:24:14,165 [Worker-30] INFO  o.e.m.j.i.AbstractJavaProjectConfigurator - Adding resource folder /e-manager-pojo/src/test/resources
2018-04-08 19:24:14,553 [Worker-30] INFO  o.e.m.c.i.l.LifecycleMappingFactory - Using NULL lifecycle mapping for MavenProject: com.seu.edu:e-manager:0.0.1-SNAPSHOT @ /home/dpf/eclipse/e-mall/e-manager/pom.xml.
2018-04-08 19:24:14,625 [Worker-30] INFO  o.e.m.c.i.l.LifecycleMappingFactory - Using org.eclipse.m2e.jdt.JarLifecycleMapping lifecycle mapping for MavenProject: com.seu.edu:e-manager-pojo:0.0.1-SNAPSHOT @ /home/dpf/eclipse/e-mall/e-manager/e-manager-pojo/pom.xml.
2018-04-08 19:24:15,297 [Worker-30] INFO  o.e.m.c.i.embedder.EclipseLogger - Using 'UTF-8' encoding to copy filtered resources.
2018-04-08 19:24:15,297 [Worker-30] INFO  o.e.m.c.i.embedder.EclipseLogger - Copying 0 resource
2018-04-08 19:24:15,298 [Worker-30] INFO  o.e.m.c.i.embedder.EclipseLogger - Using 'UTF-8' encoding to copy filtered resources.
2018-04-08 19:24:15,299 [Worker-30] INFO  o.e.m.c.i.embedder.EclipseLogger - Copying 0 resource
2018-04-08 19:24:44,342 [Worker-32] INFO  o.e.m.c.i.l.LifecycleMappingFactory - Using org.eclipse.m2e.jdt.JarLifecycleMapping lifecycle mapping for MavenProject: com.seu.edu:e-manager-dao:0.0.1-SNAPSHOT @ /home/dpf/eclipse/e-mall/e-manager/e-manager-dao/pom.xml.
2018-04-08 19:24:44,493 [Worker-32] INFO  o.e.m.j.i.AbstractJavaProjectConfigurator - Adding source folder /e-manager-dao/src/main/java
2018-04-08 19:24:44,493 [Worker-32] INFO  o.e.m.j.i.AbstractJavaProjectConfigurator - Adding resource folder /e-manager-dao/src/main/resources
2018-04-08 19:24:44,495 [Worker-32] INFO  o.e.m.j.i.AbstractJavaProjectConfigurator - Adding source folder /e-manager-dao/src/test/java
2018-04-08 19:24:44,495 [Worker-32] INFO  o.e.m.j.i.AbstractJavaProjectConfigurator - Adding resource folder /e-manager-dao/src/test/resources
2018-04-08 19:24:44,708 [Worker-29] INFO  o.e.m.c.i.l.LifecycleMappingFactory - Using NULL lifecycle mapping for MavenProject: com.seu.edu:e-manager:0.0.1-SNAPSHOT @ /home/dpf/eclipse/e-mall/e-manager/pom.xml.
2018-04-08 19:24:44,781 [Worker-29] INFO  o.e.m.c.i.l.LifecycleMappingFactory - Using org.eclipse.m2e.jdt.JarLifecycleMapping lifecycle mapping for MavenProject: com.seu.edu:e-manager-pojo:0.0.1-SNAPSHOT @ /home/dpf/eclipse/e-mall/e-manager/e-manager-pojo/pom.xml.
2018-04-08 19:24:44,799 [Worker-29] INFO  o.e.m.c.i.l.LifecycleMappingFactory - Using org.eclipse.m2e.jdt.JarLifecycleMapping lifecycle mapping for MavenProject: com.seu.edu:e-manager-dao:0.0.1-SNAPSHOT @ /home/dpf/eclipse/e-mall/e-manager/e-manager-dao/pom.xml.
2018-04-08 19:24:45,128 [Worker-29] INFO  o.e.m.c.i.embedder.EclipseLogger - Using 'UTF-8' encoding to copy filtered resources.
2018-04-08 19:24:45,128 [Worker-29] INFO  o.e.m.c.i.embedder.EclipseLogger - Copying 0 resource
2018-04-08 19:24:45,129 [Worker-29] INFO  o.e.m.c.i.embedder.EclipseLogger - Using 'UTF-8' encoding to copy filtered resources.
2018-04-08 19:24:45,129 [Worker-29] INFO  o.e.m.c.i.embedder.EclipseLogger - Copying 0 resource
2018-04-08 19:24:45,184 [Worker-29] INFO  o.e.m.c.i.embedder.EclipseLogger - Using 'UTF-8' encoding to copy filtered resources.
2018-04-08 19:24:45,184 [Worker-29] INFO  o.e.m.c.i.embedder.EclipseLogger - Copying 0 resource
2018-04-08 19:24:45,185 [Worker-29] INFO  o.e.m.c.i.embedder.EclipseLogger - Using 'UTF-8' encoding to copy filtered resources.
2018-04-08 19:24:45,185 [Worker-29] INFO  o.e.m.c.i.embedder.EclipseLogger - Copying 0 resource
2018-04-08 19:25:20,873 [Worker-29] INFO  o.e.m.c.i.l.LifecycleMappingFactory - Using org.eclipse.m2e.jdt.JarLifecycleMapping lifecycle mapping for MavenProject: com.seu.edu:e-manager-interface:0.0.1-SNAPSHOT @ /home/dpf/eclipse/e-mall/e-manager/e-manager-interface/pom.xml.
2018-04-08 19:25:21,010 [Worker-29] INFO  o.e.m.j.i.AbstractJavaProjectConfigurator - Adding source folder /e-manager-interface/src/main/java
2018-04-08 19:25:21,010 [Worker-29] INFO  o.e.m.j.i.AbstractJavaProjectConfigurator - Adding resource folder /e-manager-interface/src/main/resources
2018-04-08 19:25:21,012 [Worker-29] INFO  o.e.m.j.i.AbstractJavaProjectConfigurator - Adding source folder /e-manager-interface/src/test/java
2018-04-08 19:25:21,012 [Worker-29] INFO  o.e.m.j.i.AbstractJavaProjectConfigurator - Adding resource folder /e-manager-interface/src/test/resources
2018-04-08 19:25:21,227 [Worker-30] INFO  o.e.m.c.i.l.LifecycleMappingFactory - Using NULL lifecycle mapping for MavenProject: com.seu.edu:e-manager:0.0.1-SNAPSHOT @ /home/dpf/eclipse/e-mall/e-manager/pom.xml.
2018-04-08 19:25:21,294 [Worker-30] INFO  o.e.m.c.i.l.LifecycleMappingFactory - Using org.eclipse.m2e.jdt.JarLifecycleMapping lifecycle mapping for MavenProject: com.seu.edu:e-manager-pojo:0.0.1-SNAPSHOT @ /home/dpf/eclipse/e-mall/e-manager/e-manager-pojo/pom.xml.
2018-04-08 19:25:21,311 [Worker-30] INFO  o.e.m.c.i.l.LifecycleMappingFactory - Using org.eclipse.m2e.jdt.JarLifecycleMapping lifecycle mapping for MavenProject: com.seu.edu:e-manager-dao:0.0.1-SNAPSHOT @ /home/dpf/eclipse/e-mall/e-manager/e-manager-dao/pom.xml.
2018-04-08 19:25:21,339 [Worker-30] INFO  o.e.m.c.i.l.LifecycleMappingFactory - Using org.eclipse.m2e.jdt.JarLifecycleMapping lifecycle mapping for MavenProject: com.seu.edu:e-manager-interface:0.0.1-SNAPSHOT @ /home/dpf/eclipse/e-mall/e-manager/e-manager-interface/pom.xml.
2018-04-08 19:25:21,602 [Worker-30] INFO  o.e.m.c.i.embedder.EclipseLogger - Using 'UTF-8' encoding to copy filtered resources.
2018-04-08 19:25:21,602 [Worker-30] INFO  o.e.m.c.i.embedder.EclipseLogger - Copying 0 resource
2018-04-08 19:25:21,603 [Worker-30] INFO  o.e.m.c.i.embedder.EclipseLogger - Using 'UTF-8' encoding to copy filtered resources.
2018-04-08 19:25:21,603 [Worker-30] INFO  o.e.m.c.i.embedder.EclipseLogger - Copying 0 resource
2018-04-08 19:25:21,652 [Worker-30] INFO  o.e.m.c.i.embedder.EclipseLogger - Using 'UTF-8' encoding to copy filtered resources.
2018-04-08 19:25:21,652 [Worker-30] INFO  o.e.m.c.i.embedder.EclipseLogger - Copying 0 resource
2018-04-08 19:25:21,653 [Worker-30] INFO  o.e.m.c.i.embedder.EclipseLogger - Using 'UTF-8' encoding to copy filtered resources.
2018-04-08 19:25:21,653 [Worker-30] INFO  o.e.m.c.i.embedder.EclipseLogger - Copying 0 resource
2018-04-08 19:25:21,705 [Worker-30] INFO  o.e.m.c.i.embedder.EclipseLogger - Using 'UTF-8' encoding to copy filtered resources.
2018-04-08 19:25:21,705 [Worker-30] INFO  o.e.m.c.i.embedder.EclipseLogger - Copying 0 resource
2018-04-08 19:25:21,706 [Worker-30] INFO  o.e.m.c.i.embedder.EclipseLogger - Using 'UTF-8' encoding to copy filtered resources.
2018-04-08 19:25:21,706 [Worker-30] INFO  o.e.m.c.i.embedder.EclipseLogger - Copying 0 resource
2018-04-08 19:26:14,353 [Worker-32] INFO  o.e.m.c.i.l.LifecycleMappingFactory - Using org.eclipse.m2e.jdt.JarLifecycleMapping lifecycle mapping for MavenProject: com.seu.edu:e-manager-service:0.0.1-SNAPSHOT @ /home/dpf/eclipse/e-mall/e-manager/e-manager-service/pom.xml.
2018-04-08 19:26:14,493 [Worker-32] INFO  o.e.m.j.i.AbstractJavaProjectConfigurator - Adding source folder /e-manager-service/src/main/java
2018-04-08 19:26:14,493 [Worker-32] INFO  o.e.m.j.i.AbstractJavaProjectConfigurator - Adding resource folder /e-manager-service/src/main/resources
2018-04-08 19:26:14,494 [Worker-32] INFO  o.e.m.j.i.AbstractJavaProjectConfigurator - Adding source folder /e-manager-service/src/test/java
2018-04-08 19:26:14,494 [Worker-32] INFO  o.e.m.j.i.AbstractJavaProjectConfigurator - Adding resource folder /e-manager-service/src/test/resources
2018-04-08 19:26:14,720 [Worker-32] INFO  o.e.m.c.i.l.LifecycleMappingFactory - Using NULL lifecycle mapping for MavenProject: com.seu.edu:e-manager:0.0.1-SNAPSHOT @ /home/dpf/eclipse/e-mall/e-manager/pom.xml.
2018-04-08 19:26:14,772 [Worker-32] INFO  o.e.m.c.i.l.LifecycleMappingFactory - Using org.eclipse.m2e.jdt.JarLifecycleMapping lifecycle mapping for MavenProject: com.seu.edu:e-manager-interface:0.0.1-SNAPSHOT @ /home/dpf/eclipse/e-mall/e-manager/e-manager-interface/pom.xml.
2018-04-08 19:26:14,789 [Worker-32] INFO  o.e.m.c.i.l.LifecycleMappingFactory - Using org.eclipse.m2e.jdt.JarLifecycleMapping lifecycle mapping for MavenProject: com.seu.edu:e-manager-pojo:0.0.1-SNAPSHOT @ /home/dpf/eclipse/e-mall/e-manager/e-manager-pojo/pom.xml.
2018-04-08 19:26:14,804 [Worker-32] INFO  o.e.m.c.i.l.LifecycleMappingFactory - Using org.eclipse.m2e.jdt.JarLifecycleMapping lifecycle mapping for MavenProject: com.seu.edu:e-manager-dao:0.0.1-SNAPSHOT @ /home/dpf/eclipse/e-mall/e-manager/e-manager-dao/pom.xml.
2018-04-08 19:26:14,822 [Worker-32] INFO  o.e.m.c.i.l.LifecycleMappingFactory - Using org.eclipse.m2e.jdt.JarLifecycleMapping lifecycle mapping for MavenProject: com.seu.edu:e-manager-service:0.0.1-SNAPSHOT @ /home/dpf/eclipse/e-mall/e-manager/e-manager-service/pom.xml.
2018-04-08 19:26:15,029 [Worker-32] INFO  o.e.m.c.i.embedder.EclipseLogger - Using 'UTF-8' encoding to copy filtered resources.
2018-04-08 19:26:15,029 [Worker-32] INFO  o.e.m.c.i.embedder.EclipseLogger - Copying 0 resource
2018-04-08 19:26:15,030 [Worker-32] INFO  o.e.m.c.i.embedder.EclipseLogger - Using 'UTF-8' encoding to copy filtered resources.
2018-04-08 19:26:15,030 [Worker-32] INFO  o.e.m.c.i.embedder.EclipseLogger - Copying 0 resource
2018-04-08 19:26:15,073 [Worker-32] INFO  o.e.m.c.i.embedder.EclipseLogger - Using 'UTF-8' encoding to copy filtered resources.
2018-04-08 19:26:15,073 [Worker-32] INFO  o.e.m.c.i.embedder.EclipseLogger - Copying 0 resource
2018-04-08 19:26:15,075 [Worker-32] INFO  o.e.m.c.i.embedder.EclipseLogger - Using 'UTF-8' encoding to copy filtered resources.
2018-04-08 19:26:15,075 [Worker-32] INFO  o.e.m.c.i.embedder.EclipseLogger - Copying 0 resource
2018-04-08 19:26:15,120 [Worker-32] INFO  o.e.m.c.i.embedder.EclipseLogger - Using 'UTF-8' encoding to copy filtered resources.
2018-04-08 19:26:15,120 [Worker-32] INFO  o.e.m.c.i.embedder.EclipseLogger - Copying 0 resource
2018-04-08 19:26:15,121 [Worker-32] INFO  o.e.m.c.i.embedder.EclipseLogger - Using 'UTF-8' encoding to copy filtered resources.
2018-04-08 19:26:15,121 [Worker-32] INFO  o.e.m.c.i.embedder.EclipseLogger - Copying 0 resource
2018-04-08 19:26:15,164 [Worker-32] INFO  o.e.m.c.i.embedder.EclipseLogger - Using 'UTF-8' encoding to copy filtered resources.
2018-04-08 19:26:15,164 [Worker-32] INFO  o.e.m.c.i.embedder.EclipseLogger - Copying 0 resource
2018-04-08 19:26:15,165 [Worker-32] INFO  o.e.m.c.i.embedder.EclipseLogger - Using 'UTF-8' encoding to copy filtered resources.
2018-04-08 19:26:15,165 [Worker-32] INFO  o.e.m.c.i.embedder.EclipseLogger - Copying 0 resource
2018-04-08 19:26:44,318 [Worker-31] INFO  o.e.m.c.i.l.LifecycleMappingFactory - Using org.maven.ide.eclipse.wtp.WarLifecycleMapping lifecycle mapping for MavenProject: com.seu.edu:e-manager-web:0.0.1-SNAPSHOT @ /home/dpf/eclipse/e-mall/e-manager/e-manager-web/pom.xml.
2018-04-08 19:26:44,818 [Worker-31] INFO  o.e.m.j.i.AbstractJavaProjectConfigurator - Adding source folder /e-manager-web/src/main/java
2018-04-08 19:26:44,818 [Worker-31] INFO  o.e.m.j.i.AbstractJavaProjectConfigurator - Adding resource folder /e-manager-web/src/main/resources
2018-04-08 19:26:44,820 [Worker-31] INFO  o.e.m.j.i.AbstractJavaProjectConfigurator - Adding source folder /e-manager-web/src/test/java
2018-04-08 19:26:44,820 [Worker-31] INFO  o.e.m.j.i.AbstractJavaProjectConfigurator - Adding resource folder /e-manager-web/src/test/resources
2018-04-08 19:26:45,227 [Worker-31] WARN  o.e.m.c.i.embedder.EclipseLogger - The artifact org.apache.commons:commons-io:jar:1.3.2 has been relocated to commons-io:commons-io:jar:1.3.2
2018-04-08 19:26:45,617 [Worker-30] INFO  o.e.m.c.i.l.LifecycleMappingFactory - Using NULL lifecycle mapping for MavenProject: com.seu.edu:e-manager:0.0.1-SNAPSHOT @ /home/dpf/eclipse/e-mall/e-manager/pom.xml.
2018-04-08 19:26:45,681 [Worker-30] INFO  o.e.m.c.i.l.LifecycleMappingFactory - Using org.eclipse.m2e.jdt.JarLifecycleMapping lifecycle mapping for MavenProject: com.seu.edu:e-manager-interface:0.0.1-SNAPSHOT @ /home/dpf/eclipse/e-mall/e-manager/e-manager-interface/pom.xml.
2018-04-08 19:26:45,698 [Worker-30] INFO  o.e.m.c.i.l.LifecycleMappingFactory - Using org.eclipse.m2e.jdt.JarLifecycleMapping lifecycle mapping for MavenProject: com.seu.edu:e-manager-pojo:0.0.1-SNAPSHOT @ /home/dpf/eclipse/e-mall/e-manager/e-manager-pojo/pom.xml.
2018-04-08 19:26:45,721 [Worker-30] INFO  o.e.m.c.i.l.LifecycleMappingFactory - Using org.eclipse.m2e.jdt.JarLifecycleMapping lifecycle mapping for MavenProject: com.seu.edu:e-manager-dao:0.0.1-SNAPSHOT @ /home/dpf/eclipse/e-mall/e-manager/e-manager-dao/pom.xml.
2018-04-08 19:26:45,739 [Worker-30] INFO  o.e.m.c.i.l.LifecycleMappingFactory - Using org.eclipse.m2e.jdt.JarLifecycleMapping lifecycle mapping for MavenProject: com.seu.edu:e-manager-service:0.0.1-SNAPSHOT @ /home/dpf/eclipse/e-mall/e-manager/e-manager-service/pom.xml.
2018-04-08 19:26:45,862 [Worker-30] INFO  o.e.m.c.i.l.LifecycleMappingFactory - Using org.maven.ide.eclipse.wtp.WarLifecycleMapping lifecycle mapping for MavenProject: com.seu.edu:e-manager-web:0.0.1-SNAPSHOT @ /home/dpf/eclipse/e-mall/e-manager/e-manager-web/pom.xml.
2018-04-08 19:26:45,874 [Worker-30] ERROR o.e.m.c.i.p.ProjectConfigurationManager - e-common does not exist
org.eclipse.jdt.core.JavaModelException: e-common does not exist
	at org.eclipse.jdt.internal.core.JavaElement.newNotPresentException(JavaElement.java:560) ~[na:na]
	at org.eclipse.jdt.internal.core.JavaModelManager.getPerProjectInfoCheckExistence(JavaModelManager.java:2469) ~[na:na]
	at org.eclipse.jdt.internal.core.JavaProject.getPerProjectInfo(JavaProject.java:2202) ~[na:na]
	at org.eclipse.jdt.internal.core.JavaProject.getRawClasspath(JavaProject.java:2224) ~[na:na]
	at org.eclipse.m2e.wtp.WTPProjectsUtil.checkJavaConfiguration(WTPProjectsUtil.java:797) ~[na:na]
	at org.eclipse.m2e.wtp.WTPProjectsUtil.configureWtpUtil(WTPProjectsUtil.java:711) ~[na:na]
	at org.eclipse.m2e.wtp.AbstractProjectConfiguratorDelegate.configureWtpUtil(AbstractProjectConfiguratorDelegate.java:124) ~[na:na]
	at org.eclipse.m2e.wtp.AbstractProjectConfiguratorDelegate.preConfigureDependencyProject(AbstractProjectConfiguratorDelegate.java:173) ~[na:na]
	at org.eclipse.m2e.wtp.WebProjectConfiguratorDelegate.setModuleDependencies(WebProjectConfiguratorDelegate.java:249) ~[na:na]
	at org.eclipse.m2e.wtp.WTPProjectConfigurator.mavenProjectChanged(WTPProjectConfigurator.java:92) ~[na:na]
	at org.eclipse.m2e.core.internal.project.ProjectConfigurationManager.mavenProjectChanged(ProjectConfigurationManager.java:1036) ~[org.eclipse.m2e.core_1.8.2.20171007-0217.jar:na]
	at org.eclipse.m2e.core.internal.project.registry.ProjectRegistryManager.notifyProjectChangeListeners(ProjectRegistryManager.java:783) [org.eclipse.m2e.core_1.8.2.20171007-0217.jar:na]
	at org.eclipse.m2e.core.internal.project.registry.ProjectRegistryManager.applyMutableProjectRegistry(ProjectRegistryManager.java:930) [org.eclipse.m2e.core_1.8.2.20171007-0217.jar:na]
	at org.eclipse.m2e.core.internal.project.registry.ProjectRegistryManager.refresh(ProjectRegistryManager.java:300) [org.eclipse.m2e.core_1.8.2.20171007-0217.jar:na]
	at org.eclipse.m2e.core.internal.builder.MavenBuilder$BuildMethod.getProjectFacade(MavenBuilder.java:154) [org.eclipse.m2e.core_1.8.2.20171007-0217.jar:na]
	at org.eclipse.m2e.core.internal.builder.MavenBuilder$BuildMethod$1.call(MavenBuilder.java:89) [org.eclipse.m2e.core_1.8.2.20171007-0217.jar:na]
	at org.eclipse.m2e.core.internal.embedder.MavenExecutionContext.executeBare(MavenExecutionContext.java:177) [org.eclipse.m2e.core_1.8.2.20171007-0217.jar:na]
	at org.eclipse.m2e.core.internal.embedder.MavenExecutionContext.execute(MavenExecutionContext.java:151) [org.eclipse.m2e.core_1.8.2.20171007-0217.jar:na]
	at org.eclipse.m2e.core.internal.embedder.MavenExecutionContext.execute(MavenExecutionContext.java:99) [org.eclipse.m2e.core_1.8.2.20171007-0217.jar:na]
	at org.eclipse.m2e.core.internal.builder.MavenBuilder$BuildMethod.execute(MavenBuilder.java:86) [org.eclipse.m2e.core_1.8.2.20171007-0217.jar:na]
	at org.eclipse.m2e.core.internal.builder.MavenBuilder.build(MavenBuilder.java:200) [org.eclipse.m2e.core_1.8.2.20171007-0217.jar:na]
	at org.eclipse.core.internal.events.BuildManager$2.run(BuildManager.java:735) [org.eclipse.core.resources_3.12.0.v20170417-1558.jar:na]
	at org.eclipse.core.runtime.SafeRunner.run(SafeRunner.java:42) [org.eclipse.equinox.common_3.9.0.v20170207-1454.jar:na]
	at org.eclipse.core.internal.events.BuildManager.basicBuild(BuildManager.java:206) [org.eclipse.core.resources_3.12.0.v20170417-1558.jar:na]
	at org.eclipse.core.internal.events.BuildManager.basicBuild(BuildManager.java:246) [org.eclipse.core.resources_3.12.0.v20170417-1558.jar:na]
	at org.eclipse.core.internal.events.BuildManager$1.run(BuildManager.java:301) [org.eclipse.core.resources_3.12.0.v20170417-1558.jar:na]
	at org.eclipse.core.runtime.SafeRunner.run(SafeRunner.java:42) [org.eclipse.equinox.common_3.9.0.v20170207-1454.jar:na]
	at org.eclipse.core.internal.events.BuildManager.basicBuild(BuildManager.java:304) [org.eclipse.core.resources_3.12.0.v20170417-1558.jar:na]
	at org.eclipse.core.internal.events.BuildManager.basicBuildLoop(BuildManager.java:360) [org.eclipse.core.resources_3.12.0.v20170417-1558.jar:na]
	at org.eclipse.core.internal.events.BuildManager.build(BuildManager.java:383) [org.eclipse.core.resources_3.12.0.v20170417-1558.jar:na]
	at org.eclipse.core.internal.events.AutoBuildJob.doBuild(AutoBuildJob.java:142) [org.eclipse.core.resources_3.12.0.v20170417-1558.jar:na]
	at org.eclipse.core.internal.events.AutoBuildJob.run(AutoBuildJob.java:232) [org.eclipse.core.resources_3.12.0.v20170417-1558.jar:na]
	at org.eclipse.core.internal.jobs.Worker.run(Worker.java:56) [org.eclipse.core.jobs_3.9.2.v20171030-1027.jar:na]
2018-04-08 19:26:46,124 [Worker-30] INFO  o.e.m.c.i.embedder.EclipseLogger - Using 'UTF-8' encoding to copy filtered resources.
2018-04-08 19:26:46,124 [Worker-30] INFO  o.e.m.c.i.embedder.EclipseLogger - Copying 0 resource
2018-04-08 19:26:46,125 [Worker-30] INFO  o.e.m.c.i.embedder.EclipseLogger - Using 'UTF-8' encoding to copy filtered resources.
2018-04-08 19:26:46,125 [Worker-30] INFO  o.e.m.c.i.embedder.EclipseLogger - Copying 0 resource
2018-04-08 19:26:46,172 [Worker-30] INFO  o.e.m.c.i.embedder.EclipseLogger - Using 'UTF-8' encoding to copy filtered resources.
2018-04-08 19:26:46,172 [Worker-30] INFO  o.e.m.c.i.embedder.EclipseLogger - Copying 0 resource
2018-04-08 19:26:46,173 [Worker-30] INFO  o.e.m.c.i.embedder.EclipseLogger - Using 'UTF-8' encoding to copy filtered resources.
2018-04-08 19:26:46,173 [Worker-30] INFO  o.e.m.c.i.embedder.EclipseLogger - Copying 0 resource
2018-04-08 19:26:46,219 [Worker-30] INFO  o.e.m.c.i.embedder.EclipseLogger - Using 'UTF-8' encoding to copy filtered resources.
2018-04-08 19:26:46,219 [Worker-30] INFO  o.e.m.c.i.embedder.EclipseLogger - Copying 0 resource
2018-04-08 19:26:46,220 [Worker-30] INFO  o.e.m.c.i.embedder.EclipseLogger - Using 'UTF-8' encoding to copy filtered resources.
2018-04-08 19:26:46,220 [Worker-30] INFO  o.e.m.c.i.embedder.EclipseLogger - Copying 0 resource
2018-04-08 19:26:46,270 [Worker-30] INFO  o.e.m.c.i.embedder.EclipseLogger - Using 'UTF-8' encoding to copy filtered resources.
2018-04-08 19:26:46,270 [Worker-30] INFO  o.e.m.c.i.embedder.EclipseLogger - Copying 0 resource
2018-04-08 19:26:46,271 [Worker-30] INFO  o.e.m.c.i.embedder.EclipseLogger - Using 'UTF-8' encoding to copy filtered resources.
2018-04-08 19:26:46,271 [Worker-30] INFO  o.e.m.c.i.embedder.EclipseLogger - Copying 0 resource
2018-04-08 19:26:46,551 [Worker-29] INFO  o.e.m.c.i.embedder.EclipseLogger - Using 'UTF-8' encoding to copy filtered resources.
2018-04-08 19:26:46,551 [Worker-29] INFO  o.e.m.c.i.embedder.EclipseLogger - Copying 0 resource
2018-04-08 19:26:46,552 [Worker-29] INFO  o.e.m.c.i.embedder.EclipseLogger - Using 'UTF-8' encoding to copy filtered resources.
2018-04-08 19:26:46,553 [Worker-29] INFO  o.e.m.c.i.embedder.EclipseLogger - Copying 0 resource
2018-04-08 19:28:52,511 [Worker-30] INFO  o.e.m.c.i.l.LifecycleMappingFactory - Using org.eclipse.m2e.jdt.JarLifecycleMapping lifecycle mapping for MavenProject: com.seu.edu:e-manager-dao:0.0.1-SNAPSHOT @ /home/dpf/eclipse/e-mall/e-manager/e-manager-dao/pom.xml.
2018-04-08 19:28:52,587 [Worker-30] INFO  o.e.m.c.i.embedder.EclipseLogger - Using 'UTF-8' encoding to copy filtered resources.
2018-04-08 19:28:52,587 [Worker-30] INFO  o.e.m.c.i.embedder.EclipseLogger - Copying 0 resource
2018-04-08 19:28:52,588 [Worker-30] INFO  o.e.m.c.i.embedder.EclipseLogger - Using 'UTF-8' encoding to copy filtered resources.
2018-04-08 19:28:52,588 [Worker-30] INFO  o.e.m.c.i.embedder.EclipseLogger - Copying 0 resource
2018-04-08 19:29:55,970 [Worker-20] INFO  o.e.m.c.i.l.LifecycleMappingFactory - Using org.eclipse.m2e.jdt.JarLifecycleMapping lifecycle mapping for MavenProject: com.seu.edu:e-manager-dao:0.0.1-SNAPSHOT @ /home/dpf/eclipse/e-mall/e-manager/e-manager-dao/pom.xml.
2018-04-08 19:29:56,121 [Worker-20] INFO  o.e.m.c.i.embedder.EclipseLogger - Using 'UTF-8' encoding to copy filtered resources.
2018-04-08 19:29:56,121 [Worker-20] INFO  o.e.m.c.i.embedder.EclipseLogger - Copying 0 resource
2018-04-08 19:29:56,122 [Worker-20] INFO  o.e.m.c.i.embedder.EclipseLogger - Using 'UTF-8' encoding to copy filtered resources.
2018-04-08 19:29:56,123 [Worker-20] INFO  o.e.m.c.i.embedder.EclipseLogger - Copying 0 resource
2018-04-08 19:30:58,506 [Worker-31] INFO  o.e.m.c.i.l.LifecycleMappingFactory - Using org.eclipse.m2e.jdt.JarLifecycleMapping lifecycle mapping for MavenProject: com.seu.edu:e-manager-interface:0.0.1-SNAPSHOT @ /home/dpf/eclipse/e-mall/e-manager/e-manager-interface/pom.xml.
2018-04-08 19:30:58,567 [Worker-31] INFO  o.e.m.c.i.embedder.EclipseLogger - Using 'UTF-8' encoding to copy filtered resources.
2018-04-08 19:30:58,567 [Worker-31] INFO  o.e.m.c.i.embedder.EclipseLogger - Copying 0 resource
2018-04-08 19:30:58,568 [Worker-31] INFO  o.e.m.c.i.embedder.EclipseLogger - Using 'UTF-8' encoding to copy filtered resources.
2018-04-08 19:30:58,568 [Worker-31] INFO  o.e.m.c.i.embedder.EclipseLogger - Copying 0 resource
2018-04-08 19:31:44,937 [Worker-30] INFO  o.e.m.c.i.l.LifecycleMappingFactory - Using org.eclipse.m2e.jdt.JarLifecycleMapping lifecycle mapping for MavenProject: com.seu.edu:e-manager-service:0.0.1-SNAPSHOT @ /home/dpf/eclipse/e-mall/e-manager/e-manager-service/pom.xml.
2018-04-08 19:31:45,032 [Worker-30] INFO  o.e.m.c.i.embedder.EclipseLogger - Using 'UTF-8' encoding to copy filtered resources.
2018-04-08 19:31:45,032 [Worker-30] INFO  o.e.m.c.i.embedder.EclipseLogger - Copying 0 resource
2018-04-08 19:31:45,033 [Worker-30] INFO  o.e.m.c.i.embedder.EclipseLogger - Using 'UTF-8' encoding to copy filtered resources.
2018-04-08 19:31:45,033 [Worker-30] INFO  o.e.m.c.i.embedder.EclipseLogger - Copying 0 resource
2018-04-08 19:32:38,616 [Worker-20] INFO  o.e.m.c.i.l.LifecycleMappingFactory - Using org.eclipse.m2e.jdt.JarLifecycleMapping lifecycle mapping for MavenProject: com.seu.edu:e-manager-service:0.0.1-SNAPSHOT @ /home/dpf/eclipse/e-mall/e-manager/e-manager-service/pom.xml.
2018-04-08 19:32:38,770 [Worker-20] INFO  o.e.m.c.i.embedder.EclipseLogger - Using 'UTF-8' encoding to copy filtered resources.
2018-04-08 19:32:38,770 [Worker-20] INFO  o.e.m.c.i.embedder.EclipseLogger - Copying 0 resource
2018-04-08 19:32:38,772 [Worker-20] INFO  o.e.m.c.i.embedder.EclipseLogger - Using 'UTF-8' encoding to copy filtered resources.
2018-04-08 19:32:38,772 [Worker-20] INFO  o.e.m.c.i.embedder.EclipseLogger - Copying 0 resource
2018-04-08 19:33:21,617 [Worker-29] INFO  o.e.m.c.i.l.LifecycleMappingFactory - Using org.maven.ide.eclipse.wtp.WarLifecycleMapping lifecycle mapping for MavenProject: com.seu.edu:e-manager-web:0.0.1-SNAPSHOT @ /home/dpf/eclipse/e-mall/e-manager/e-manager-web/pom.xml.
2018-04-08 19:33:21,845 [Worker-29] WARN  o.e.m.c.i.embedder.EclipseLogger - The artifact org.apache.commons:commons-io:jar:1.3.2 has been relocated to commons-io:commons-io:jar:1.3.2
2018-04-08 19:33:22,167 [Worker-29] INFO  o.e.m.c.i.embedder.EclipseLogger - Using 'UTF-8' encoding to copy filtered resources.
2018-04-08 19:33:22,167 [Worker-29] INFO  o.e.m.c.i.embedder.EclipseLogger - Copying 0 resource
2018-04-08 19:33:22,168 [Worker-29] INFO  o.e.m.c.i.embedder.EclipseLogger - Using 'UTF-8' encoding to copy filtered resources.
2018-04-08 19:33:22,168 [Worker-29] INFO  o.e.m.c.i.embedder.EclipseLogger - Copying 0 resource
2018-04-08 19:33:22,169 [Worker-29] INFO  o.e.m.w.i.f.ResourceFilteringBuildParticipant - Changed resources require a complete clean of filtered resources of e-manager-web
2018-04-08 19:33:22,169 [Worker-29] INFO  o.e.m.w.i.f.ResourceFilteringBuildParticipant - Executing resource filtering for e-manager-web
2018-04-08 19:33:22,172 [Worker-29] INFO  o.e.m.c.i.embedder.EclipseLogger - Using 'UTF-8' encoding to copy filtered resources.
2018-04-08 19:33:23,336 [Worker-32] INFO  o.e.m.c.i.embedder.EclipseLogger - Using 'UTF-8' encoding to copy filtered resources.
2018-04-08 19:33:23,336 [Worker-32] INFO  o.e.m.c.i.embedder.EclipseLogger - Copying 0 resource
2018-04-08 19:33:23,337 [Worker-32] INFO  o.e.m.c.i.embedder.EclipseLogger - Using 'UTF-8' encoding to copy filtered resources.
2018-04-08 19:33:23,337 [Worker-32] INFO  o.e.m.c.i.embedder.EclipseLogger - Copying 0 resource
2018-04-08 19:34:18,589 [Worker-29] INFO  o.e.m.c.i.l.LifecycleMappingFactory - Using org.maven.ide.eclipse.wtp.WarLifecycleMapping lifecycle mapping for MavenProject: com.seu.edu:e-manager-web:0.0.1-SNAPSHOT @ /home/dpf/eclipse/e-mall/e-manager/e-manager-web/pom.xml.
2018-04-08 19:34:18,684 [Worker-29] ERROR o.e.m.c.i.p.ProjectConfigurationManager - e-common does not exist
org.eclipse.jdt.core.JavaModelException: e-common does not exist
	at org.eclipse.jdt.internal.core.JavaElement.newNotPresentException(JavaElement.java:560) ~[na:na]
	at org.eclipse.jdt.internal.core.JavaModelManager.getPerProjectInfoCheckExistence(JavaModelManager.java:2469) ~[na:na]
	at org.eclipse.jdt.internal.core.JavaProject.getPerProjectInfo(JavaProject.java:2202) ~[na:na]
	at org.eclipse.jdt.internal.core.JavaProject.getRawClasspath(JavaProject.java:2224) ~[na:na]
	at org.eclipse.m2e.wtp.WTPProjectsUtil.checkJavaConfiguration(WTPProjectsUtil.java:797) ~[na:na]
	at org.eclipse.m2e.wtp.WTPProjectsUtil.configureWtpUtil(WTPProjectsUtil.java:711) ~[na:na]
	at org.eclipse.m2e.wtp.AbstractProjectConfiguratorDelegate.configureWtpUtil(AbstractProjectConfiguratorDelegate.java:124) ~[na:na]
	at org.eclipse.m2e.wtp.AbstractProjectConfiguratorDelegate.preConfigureDependencyProject(AbstractProjectConfiguratorDelegate.java:173) ~[na:na]
	at org.eclipse.m2e.wtp.WebProjectConfiguratorDelegate.setModuleDependencies(WebProjectConfiguratorDelegate.java:249) ~[na:na]
	at org.eclipse.m2e.wtp.WTPProjectConfigurator.mavenProjectChanged(WTPProjectConfigurator.java:92) ~[na:na]
	at org.eclipse.m2e.core.internal.project.ProjectConfigurationManager.mavenProjectChanged(ProjectConfigurationManager.java:1036) ~[org.eclipse.m2e.core_1.8.2.20171007-0217.jar:na]
	at org.eclipse.m2e.core.internal.project.registry.ProjectRegistryManager.notifyProjectChangeListeners(ProjectRegistryManager.java:783) [org.eclipse.m2e.core_1.8.2.20171007-0217.jar:na]
	at org.eclipse.m2e.core.internal.project.registry.ProjectRegistryManager.applyMutableProjectRegistry(ProjectRegistryManager.java:930) [org.eclipse.m2e.core_1.8.2.20171007-0217.jar:na]
	at org.eclipse.m2e.core.internal.project.registry.ProjectRegistryManager.refresh(ProjectRegistryManager.java:300) [org.eclipse.m2e.core_1.8.2.20171007-0217.jar:na]
	at org.eclipse.m2e.core.internal.builder.MavenBuilder$BuildMethod.getProjectFacade(MavenBuilder.java:154) [org.eclipse.m2e.core_1.8.2.20171007-0217.jar:na]
	at org.eclipse.m2e.core.internal.builder.MavenBuilder$BuildMethod$1.call(MavenBuilder.java:89) [org.eclipse.m2e.core_1.8.2.20171007-0217.jar:na]
	at org.eclipse.m2e.core.internal.embedder.MavenExecutionContext.executeBare(MavenExecutionContext.java:177) [org.eclipse.m2e.core_1.8.2.20171007-0217.jar:na]
	at org.eclipse.m2e.core.internal.embedder.MavenExecutionContext.execute(MavenExecutionContext.java:151) [org.eclipse.m2e.core_1.8.2.20171007-0217.jar:na]
	at org.eclipse.m2e.core.internal.embedder.MavenExecutionContext.execute(MavenExecutionContext.java:99) [org.eclipse.m2e.core_1.8.2.20171007-0217.jar:na]
	at org.eclipse.m2e.core.internal.builder.MavenBuilder$BuildMethod.execute(MavenBuilder.java:86) [org.eclipse.m2e.core_1.8.2.20171007-0217.jar:na]
	at org.eclipse.m2e.core.internal.builder.MavenBuilder.build(MavenBuilder.java:200) [org.eclipse.m2e.core_1.8.2.20171007-0217.jar:na]
	at org.eclipse.core.internal.events.BuildManager$2.run(BuildManager.java:735) [org.eclipse.core.resources_3.12.0.v20170417-1558.jar:na]
	at org.eclipse.core.runtime.SafeRunner.run(SafeRunner.java:42) [org.eclipse.equinox.common_3.9.0.v20170207-1454.jar:na]
	at org.eclipse.core.internal.events.BuildManager.basicBuild(BuildManager.java:206) [org.eclipse.core.resources_3.12.0.v20170417-1558.jar:na]
	at org.eclipse.core.internal.events.BuildManager.basicBuild(BuildManager.java:246) [org.eclipse.core.resources_3.12.0.v20170417-1558.jar:na]
	at org.eclipse.core.internal.events.BuildManager$1.run(BuildManager.java:301) [org.eclipse.core.resources_3.12.0.v20170417-1558.jar:na]
	at org.eclipse.core.runtime.SafeRunner.run(SafeRunner.java:42) [org.eclipse.equinox.common_3.9.0.v20170207-1454.jar:na]
	at org.eclipse.core.internal.events.BuildManager.basicBuild(BuildManager.java:304) [org.eclipse.core.resources_3.12.0.v20170417-1558.jar:na]
	at org.eclipse.core.internal.events.BuildManager.basicBuildLoop(BuildManager.java:360) [org.eclipse.core.resources_3.12.0.v20170417-1558.jar:na]
	at org.eclipse.core.internal.events.BuildManager.build(BuildManager.java:383) [org.eclipse.core.resources_3.12.0.v20170417-1558.jar:na]
	at org.eclipse.core.internal.events.AutoBuildJob.doBuild(AutoBuildJob.java:142) [org.eclipse.core.resources_3.12.0.v20170417-1558.jar:na]
	at org.eclipse.core.internal.events.AutoBuildJob.run(AutoBuildJob.java:232) [org.eclipse.core.resources_3.12.0.v20170417-1558.jar:na]
	at org.eclipse.core.internal.jobs.Worker.run(Worker.java:56) [org.eclipse.core.jobs_3.9.2.v20171030-1027.jar:na]
2018-04-08 19:34:18,715 [Worker-29] INFO  o.e.m.c.i.embedder.EclipseLogger - Using 'UTF-8' encoding to copy filtered resources.
2018-04-08 19:34:18,715 [Worker-29] INFO  o.e.m.c.i.embedder.EclipseLogger - Copying 0 resource
2018-04-08 19:34:18,716 [Worker-29] INFO  o.e.m.c.i.embedder.EclipseLogger - Using 'UTF-8' encoding to copy filtered resources.
2018-04-08 19:34:18,716 [Worker-29] INFO  o.e.m.c.i.embedder.EclipseLogger - Copying 0 resource
2018-04-08 19:34:18,717 [Worker-29] INFO  o.e.m.w.i.f.ResourceFilteringBuildParticipant - Changed resources require a complete clean of filtered resources of e-manager-web
2018-04-08 19:34:18,717 [Worker-29] INFO  o.e.m.w.i.f.ResourceFilteringBuildParticipant - Executing resource filtering for e-manager-web
2018-04-08 19:34:18,720 [Worker-29] INFO  o.e.m.c.i.embedder.EclipseLogger - Using 'UTF-8' encoding to copy filtered resources.
2018-04-08 19:35:15,839 [Worker-31] INFO  o.e.m.c.i.embedder.EclipseLogger - Using 'UTF-8' encoding to copy filtered resources.
2018-04-08 19:35:15,839 [Worker-31] INFO  o.e.m.c.i.embedder.EclipseLogger - Copying 0 resource
2018-04-08 19:35:15,840 [Worker-31] INFO  o.e.m.c.i.embedder.EclipseLogger - Using 'UTF-8' encoding to copy filtered resources.
2018-04-08 19:35:15,840 [Worker-31] INFO  o.e.m.c.i.embedder.EclipseLogger - Copying 0 resource
2018-04-08 19:43:34,948 [Worker-32] INFO  o.e.m.c.i.l.LifecycleMappingFactory - Using NULL lifecycle mapping for MavenProject: com.seu.edu:e-manager:0.0.1-SNAPSHOT @ /home/dpf/eclipse/e-mall/e-manager/pom.xml.
2018-04-08 19:43:35,204 [Worker-32] INFO  o.e.m.c.i.l.LifecycleMappingFactory - Using org.eclipse.m2e.jdt.JarLifecycleMapping lifecycle mapping for MavenProject: com.seu.edu:e-manager-pojo:0.0.1-SNAPSHOT @ /home/dpf/eclipse/e-mall/e-manager/e-manager-pojo/pom.xml.
2018-04-08 19:43:35,231 [Worker-32] INFO  o.e.m.c.i.l.LifecycleMappingFactory - Using org.eclipse.m2e.jdt.JarLifecycleMapping lifecycle mapping for MavenProject: com.seu.edu:e-manager-dao:0.0.1-SNAPSHOT @ /home/dpf/eclipse/e-mall/e-manager/e-manager-dao/pom.xml.
2018-04-08 19:43:35,267 [Worker-32] INFO  o.e.m.c.i.l.LifecycleMappingFactory - Using org.eclipse.m2e.jdt.JarLifecycleMapping lifecycle mapping for MavenProject: com.seu.edu:e-manager-interface:0.0.1-SNAPSHOT @ /home/dpf/eclipse/e-mall/e-manager/e-manager-interface/pom.xml.
2018-04-08 19:43:35,288 [Worker-32] INFO  o.e.m.c.i.l.LifecycleMappingFactory - Using org.eclipse.m2e.jdt.JarLifecycleMapping lifecycle mapping for MavenProject: com.seu.edu:e-manager-service:0.0.1-SNAPSHOT @ /home/dpf/eclipse/e-mall/e-manager/e-manager-service/pom.xml.
2018-04-08 19:43:35,324 [Worker-32] INFO  o.e.m.c.i.l.LifecycleMappingFactory - Using org.maven.ide.eclipse.wtp.WarLifecycleMapping lifecycle mapping for MavenProject: com.seu.edu:e-manager-web:0.0.1-SNAPSHOT @ /home/dpf/eclipse/e-mall/e-manager/e-manager-web/pom.xml.
2018-04-08 19:43:35,516 [Worker-32] ERROR o.e.m.c.i.p.ProjectConfigurationManager - e-common does not exist
org.eclipse.jdt.core.JavaModelException: e-common does not exist
	at org.eclipse.jdt.internal.core.JavaElement.newNotPresentException(JavaElement.java:560) ~[na:na]
	at org.eclipse.jdt.internal.core.JavaModelManager.getPerProjectInfoCheckExistence(JavaModelManager.java:2469) ~[na:na]
	at org.eclipse.jdt.internal.core.JavaProject.getPerProjectInfo(JavaProject.java:2202) ~[na:na]
	at org.eclipse.jdt.internal.core.JavaProject.getRawClasspath(JavaProject.java:2224) ~[na:na]
	at org.eclipse.m2e.wtp.WTPProjectsUtil.checkJavaConfiguration(WTPProjectsUtil.java:797) ~[na:na]
	at org.eclipse.m2e.wtp.WTPProjectsUtil.configureWtpUtil(WTPProjectsUtil.java:711) ~[na:na]
	at org.eclipse.m2e.wtp.AbstractProjectConfiguratorDelegate.configureWtpUtil(AbstractProjectConfiguratorDelegate.java:124) ~[na:na]
	at org.eclipse.m2e.wtp.AbstractProjectConfiguratorDelegate.preConfigureDependencyProject(AbstractProjectConfiguratorDelegate.java:173) ~[na:na]
	at org.eclipse.m2e.wtp.WebProjectConfiguratorDelegate.setModuleDependencies(WebProjectConfiguratorDelegate.java:249) ~[na:na]
	at org.eclipse.m2e.wtp.WTPProjectConfigurator.mavenProjectChanged(WTPProjectConfigurator.java:92) ~[na:na]
	at org.eclipse.m2e.core.internal.project.ProjectConfigurationManager.mavenProjectChanged(ProjectConfigurationManager.java:1036) ~[org.eclipse.m2e.core_1.8.2.20171007-0217.jar:na]
	at org.eclipse.m2e.core.internal.project.registry.ProjectRegistryManager.notifyProjectChangeListeners(ProjectRegistryManager.java:783) [org.eclipse.m2e.core_1.8.2.20171007-0217.jar:na]
	at org.eclipse.m2e.core.internal.project.registry.ProjectRegistryManager.applyMutableProjectRegistry(ProjectRegistryManager.java:930) [org.eclipse.m2e.core_1.8.2.20171007-0217.jar:na]
	at org.eclipse.m2e.core.internal.project.registry.ProjectRegistryManager.refresh(ProjectRegistryManager.java:300) [org.eclipse.m2e.core_1.8.2.20171007-0217.jar:na]
	at org.eclipse.m2e.core.internal.builder.MavenBuilder$BuildMethod.getProjectFacade(MavenBuilder.java:154) [org.eclipse.m2e.core_1.8.2.20171007-0217.jar:na]
	at org.eclipse.m2e.core.internal.builder.MavenBuilder$BuildMethod$1.call(MavenBuilder.java:89) [org.eclipse.m2e.core_1.8.2.20171007-0217.jar:na]
	at org.eclipse.m2e.core.internal.embedder.MavenExecutionContext.executeBare(MavenExecutionContext.java:177) [org.eclipse.m2e.core_1.8.2.20171007-0217.jar:na]
	at org.eclipse.m2e.core.internal.embedder.MavenExecutionContext.execute(MavenExecutionContext.java:151) [org.eclipse.m2e.core_1.8.2.20171007-0217.jar:na]
	at org.eclipse.m2e.core.internal.embedder.MavenExecutionContext.execute(MavenExecutionContext.java:99) [org.eclipse.m2e.core_1.8.2.20171007-0217.jar:na]
	at org.eclipse.m2e.core.internal.builder.MavenBuilder$BuildMethod.execute(MavenBuilder.java:86) [org.eclipse.m2e.core_1.8.2.20171007-0217.jar:na]
	at org.eclipse.m2e.core.internal.builder.MavenBuilder.build(MavenBuilder.java:200) [org.eclipse.m2e.core_1.8.2.20171007-0217.jar:na]
	at org.eclipse.core.internal.events.BuildManager$2.run(BuildManager.java:735) [org.eclipse.core.resources_3.12.0.v20170417-1558.jar:na]
	at org.eclipse.core.runtime.SafeRunner.run(SafeRunner.java:42) [org.eclipse.equinox.common_3.9.0.v20170207-1454.jar:na]
	at org.eclipse.core.internal.events.BuildManager.basicBuild(BuildManager.java:206) [org.eclipse.core.resources_3.12.0.v20170417-1558.jar:na]
	at org.eclipse.core.internal.events.BuildManager.basicBuild(BuildManager.java:246) [org.eclipse.core.resources_3.12.0.v20170417-1558.jar:na]
	at org.eclipse.core.internal.events.BuildManager$1.run(BuildManager.java:301) [org.eclipse.core.resources_3.12.0.v20170417-1558.jar:na]
	at org.eclipse.core.runtime.SafeRunner.run(SafeRunner.java:42) [org.eclipse.equinox.common_3.9.0.v20170207-1454.jar:na]
	at org.eclipse.core.internal.events.BuildManager.basicBuild(BuildManager.java:304) [org.eclipse.core.resources_3.12.0.v20170417-1558.jar:na]
	at org.eclipse.core.internal.events.BuildManager.basicBuildLoop(BuildManager.java:360) [org.eclipse.core.resources_3.12.0.v20170417-1558.jar:na]
	at org.eclipse.core.internal.events.BuildManager.build(BuildManager.java:383) [org.eclipse.core.resources_3.12.0.v20170417-1558.jar:na]
	at org.eclipse.core.internal.events.AutoBuildJob.doBuild(AutoBuildJob.java:142) [org.eclipse.core.resources_3.12.0.v20170417-1558.jar:na]
	at org.eclipse.core.internal.events.AutoBuildJob.run(AutoBuildJob.java:232) [org.eclipse.core.resources_3.12.0.v20170417-1558.jar:na]
	at org.eclipse.core.internal.jobs.Worker.run(Worker.java:56) [org.eclipse.core.jobs_3.9.2.v20171030-1027.jar:na]
2018-04-08 19:43:35,916 [Worker-32] INFO  o.e.m.c.i.embedder.EclipseLogger - Using 'UTF-8' encoding to copy filtered resources.
2018-04-08 19:43:35,919 [Worker-32] INFO  o.e.m.c.i.embedder.EclipseLogger - Copying 0 resource
2018-04-08 19:43:35,921 [Worker-32] INFO  o.e.m.c.i.embedder.EclipseLogger - Using 'UTF-8' encoding to copy filtered resources.
2018-04-08 19:43:35,921 [Worker-32] INFO  o.e.m.c.i.embedder.EclipseLogger - Copying 0 resource
2018-04-08 19:43:35,998 [Worker-32] INFO  o.e.m.c.i.embedder.EclipseLogger - Using 'UTF-8' encoding to copy filtered resources.
2018-04-08 19:43:35,998 [Worker-32] INFO  o.e.m.c.i.embedder.EclipseLogger - Copying 0 resource
2018-04-08 19:43:35,998 [Worker-32] INFO  o.e.m.c.i.embedder.EclipseLogger - Using 'UTF-8' encoding to copy filtered resources.
2018-04-08 19:43:35,998 [Worker-32] INFO  o.e.m.c.i.embedder.EclipseLogger - Copying 0 resource
2018-04-08 19:43:36,048 [Worker-32] INFO  o.e.m.c.i.embedder.EclipseLogger - Using 'UTF-8' encoding to copy filtered resources.
2018-04-08 19:43:36,048 [Worker-32] INFO  o.e.m.c.i.embedder.EclipseLogger - Copying 0 resource
2018-04-08 19:43:36,049 [Worker-32] INFO  o.e.m.c.i.embedder.EclipseLogger - Using 'UTF-8' encoding to copy filtered resources.
2018-04-08 19:43:36,049 [Worker-32] INFO  o.e.m.c.i.embedder.EclipseLogger - Copying 0 resource
2018-04-08 19:43:36,124 [Worker-32] INFO  o.e.m.c.i.embedder.EclipseLogger - Using 'UTF-8' encoding to copy filtered resources.
2018-04-08 19:43:36,124 [Worker-32] INFO  o.e.m.c.i.embedder.EclipseLogger - Copying 0 resource
2018-04-08 19:43:36,125 [Worker-32] INFO  o.e.m.c.i.embedder.EclipseLogger - Using 'UTF-8' encoding to copy filtered resources.
2018-04-08 19:43:36,125 [Worker-32] INFO  o.e.m.c.i.embedder.EclipseLogger - Copying 0 resource
2018-04-08 19:43:36,217 [Worker-32] INFO  o.e.m.c.i.embedder.EclipseLogger - Using 'UTF-8' encoding to copy filtered resources.
2018-04-08 19:43:36,218 [Worker-32] INFO  o.e.m.c.i.embedder.EclipseLogger - Copying 0 resource
2018-04-08 19:43:36,218 [Worker-32] INFO  o.e.m.c.i.embedder.EclipseLogger - Using 'UTF-8' encoding to copy filtered resources.
2018-04-08 19:43:36,218 [Worker-32] INFO  o.e.m.c.i.embedder.EclipseLogger - Copying 0 resource
2018-04-08 19:44:22,909 [main] INFO  o.e.m2e.actions.ExecutePomAction - Creating new launch configuration
2018-04-08 19:44:45,906 [Worker-30] INFO  o.e.m.i.launch.MavenLaunchDelegate - /home/dpf/eclipse/e-mall/e-manager
2018-04-08 19:44:45,907 [Worker-30] INFO  o.e.m.i.launch.MavenLaunchDelegate -  mvn -B -s /home/dpf/eclipse/e-mall/repository/settings.xml clean tomcat7:run
2018-04-08 19:45:32,277 [Worker-30] INFO  o.e.m.i.launch.MavenLaunchDelegate - /home/dpf/eclipse/e-mall/e-parent
2018-04-08 19:45:32,277 [Worker-30] INFO  o.e.m.i.launch.MavenLaunchDelegate -  mvn -B -s /home/dpf/eclipse/e-mall/repository/settings.xml install
2018-04-08 19:46:25,993 [main] INFO  o.e.m2e.actions.ExecutePomAction - Using existing launch configuration
2018-04-08 19:46:26,082 [Worker-36] INFO  o.e.m.i.launch.MavenLaunchDelegate - /home/dpf/eclipse/e-mall/e-manager
2018-04-08 19:46:26,082 [Worker-36] INFO  o.e.m.i.launch.MavenLaunchDelegate -  mvn -B -s /home/dpf/eclipse/e-mall/repository/settings.xml clean tomcat7:run
2018-04-08 19:47:02,804 [Worker-29] INFO  o.e.m.i.launch.MavenLaunchDelegate - /home/dpf/eclipse/e-mall/e-common
2018-04-08 19:47:02,804 [Worker-29] INFO  o.e.m.i.launch.MavenLaunchDelegate -  mvn -B -s /home/dpf/eclipse/e-mall/repository/settings.xml install
2018-04-08 19:47:04,704 [Worker-29] WARN  o.e.m.c.i.embedder.EclipseLogger - The artifact org.apache.commons:commons-io:jar:1.3.2 has been relocated to commons-io:commons-io:jar:1.3.2
2018-04-08 19:47:04,713 [Worker-29] INFO  o.e.m.c.i.embedder.EclipseLogger - Using 'UTF-8' encoding to copy filtered resources.
2018-04-08 19:47:04,713 [Worker-29] INFO  o.e.m.c.i.embedder.EclipseLogger - Copying 0 resource
2018-04-08 19:47:04,714 [Worker-29] INFO  o.e.m.c.i.embedder.EclipseLogger - Using 'UTF-8' encoding to copy filtered resources.
2018-04-08 19:47:04,716 [Worker-29] INFO  o.e.m.c.i.embedder.EclipseLogger - Copying 0 resource
2018-04-08 19:47:10,104 [main] INFO  o.e.m2e.actions.ExecutePomAction - Creating new launch configuration
2018-04-08 19:47:22,976 [Worker-34] INFO  o.e.m.i.launch.MavenLaunchDelegate - /home/dpf/eclipse/e-mall/e-manager
2018-04-08 19:47:22,976 [Worker-34] INFO  o.e.m.i.launch.MavenLaunchDelegate -  mvn -B -s /home/dpf/eclipse/e-mall/repository/settings.xml clean tomcat7:run
2018-04-08 19:48:41,245 [Worker-36] INFO  o.e.m.c.i.embedder.EclipseLogger - Using 'UTF-8' encoding to copy filtered resources.
2018-04-08 19:48:41,245 [Worker-36] INFO  o.e.m.c.i.embedder.EclipseLogger - Copying 0 resource
2018-04-08 19:48:41,246 [Worker-36] INFO  o.e.m.c.i.embedder.EclipseLogger - Using 'UTF-8' encoding to copy filtered resources.
2018-04-08 19:48:41,247 [Worker-36] INFO  o.e.m.c.i.embedder.EclipseLogger - Copying 0 resource
2018-04-08 19:49:28,755 [Worker-32] INFO  o.e.m.c.i.embedder.EclipseLogger - Using 'UTF-8' encoding to copy filtered resources.
2018-04-08 19:49:28,755 [Worker-32] INFO  o.e.m.c.i.embedder.EclipseLogger - Copying 0 resource
2018-04-08 19:49:28,774 [Worker-32] INFO  o.e.m.c.i.embedder.EclipseLogger - Using 'UTF-8' encoding to copy filtered resources.
2018-04-08 19:49:28,774 [Worker-32] INFO  o.e.m.c.i.embedder.EclipseLogger - Copying 0 resource
2018-04-08 19:49:39,705 [Worker-29] INFO  o.e.m.c.i.embedder.EclipseLogger - Using 'UTF-8' encoding to copy filtered resources.
2018-04-08 19:49:39,705 [Worker-29] INFO  o.e.m.c.i.embedder.EclipseLogger - Copying 0 resource
2018-04-08 19:49:39,706 [Worker-29] INFO  o.e.m.c.i.embedder.EclipseLogger - Using 'UTF-8' encoding to copy filtered resources.
2018-04-08 19:49:39,706 [Worker-29] INFO  o.e.m.c.i.embedder.EclipseLogger - Copying 0 resource
2018-04-08 20:44:47,525 [Worker-40] INFO  o.e.m.c.i.embedder.EclipseLogger - Using 'UTF-8' encoding to copy filtered resources.
2018-04-08 20:44:47,525 [Worker-40] INFO  o.e.m.c.i.embedder.EclipseLogger - Copying 0 resource
2018-04-08 20:44:47,526 [Worker-40] INFO  o.e.m.c.i.embedder.EclipseLogger - Using 'UTF-8' encoding to copy filtered resources.
2018-04-08 20:44:47,527 [Worker-40] INFO  o.e.m.c.i.embedder.EclipseLogger - Copying 0 resource
2018-04-08 20:44:47,660 [Worker-40] INFO  o.e.m.c.i.embedder.EclipseLogger - Using 'UTF-8' encoding to copy filtered resources.
2018-04-08 20:44:47,661 [Worker-40] INFO  o.e.m.c.i.embedder.EclipseLogger - Copying 0 resource
2018-04-08 20:44:47,661 [Worker-40] INFO  o.e.m.c.i.embedder.EclipseLogger - Using 'UTF-8' encoding to copy filtered resources.
2018-04-08 20:44:47,662 [Worker-40] INFO  o.e.m.c.i.embedder.EclipseLogger - Copying 0 resource
2018-04-08 20:44:47,763 [Worker-40] INFO  o.e.m.c.i.embedder.EclipseLogger - Using 'UTF-8' encoding to copy filtered resources.
2018-04-08 20:44:47,763 [Worker-40] INFO  o.e.m.c.i.embedder.EclipseLogger - Copying 0 resource
2018-04-08 20:44:47,764 [Worker-40] INFO  o.e.m.c.i.embedder.EclipseLogger - Using 'UTF-8' encoding to copy filtered resources.
2018-04-08 20:44:47,764 [Worker-40] INFO  o.e.m.c.i.embedder.EclipseLogger - Copying 0 resource
2018-04-08 20:44:47,895 [Worker-40] INFO  o.e.m.c.i.embedder.EclipseLogger - Using 'UTF-8' encoding to copy filtered resources.
2018-04-08 20:44:47,895 [Worker-40] INFO  o.e.m.c.i.embedder.EclipseLogger - Copying 0 resource
2018-04-08 20:44:47,896 [Worker-40] INFO  o.e.m.c.i.embedder.EclipseLogger - Using 'UTF-8' encoding to copy filtered resources.
2018-04-08 20:44:47,896 [Worker-40] INFO  o.e.m.c.i.embedder.EclipseLogger - Copying 0 resource
2018-04-08 20:44:47,902 [Worker-40] INFO  o.e.m.c.i.embedder.EclipseLogger - Using 'UTF-8' encoding to copy filtered resources.
2018-04-08 20:44:47,902 [Worker-40] INFO  o.e.m.c.i.embedder.EclipseLogger - Copying 0 resource
2018-04-08 20:44:47,903 [Worker-40] INFO  o.e.m.c.i.embedder.EclipseLogger - Using 'UTF-8' encoding to copy filtered resources.
2018-04-08 20:44:47,903 [Worker-40] INFO  o.e.m.c.i.embedder.EclipseLogger - Copying 0 resource
2018-04-08 21:02:48,152 [Worker-2] INFO  c.g.t.t.d.PublishedGradleVersions - Gradle version information cache is up-to-date. Trying to read.
2018-04-08 21:02:50,402 [Worker-15] INFO  o.e.m.c.i.embedder.EclipseLogger - Using 'UTF-8' encoding to copy filtered resources.
2018-04-08 21:02:50,407 [Worker-15] INFO  o.e.m.c.i.embedder.EclipseLogger - Copying 0 resource
2018-04-08 21:02:50,409 [Worker-15] INFO  o.e.m.c.i.embedder.EclipseLogger - Using 'UTF-8' encoding to copy filtered resources.
2018-04-08 21:02:50,409 [Worker-15] INFO  o.e.m.c.i.embedder.EclipseLogger - Copying 0 resource
2018-04-08 21:02:50,967 [Worker-3] INFO  o.e.m.c.i.embedder.EclipseLogger - Using 'UTF-8' encoding to copy filtered resources.
2018-04-08 21:02:50,967 [Worker-3] INFO  o.e.m.c.i.embedder.EclipseLogger - Copying 0 resource
2018-04-08 21:02:50,968 [Worker-3] INFO  o.e.m.c.i.embedder.EclipseLogger - Using 'UTF-8' encoding to copy filtered resources.
2018-04-08 21:02:50,968 [Worker-3] INFO  o.e.m.c.i.embedder.EclipseLogger - Copying 0 resource
2018-04-08 21:02:51,058 [Worker-3] INFO  o.e.m.c.i.embedder.EclipseLogger - Using 'UTF-8' encoding to copy filtered resources.
2018-04-08 21:02:51,058 [Worker-3] INFO  o.e.m.c.i.embedder.EclipseLogger - Copying 0 resource
2018-04-08 21:02:51,059 [Worker-3] INFO  o.e.m.c.i.embedder.EclipseLogger - Using 'UTF-8' encoding to copy filtered resources.
2018-04-08 21:02:51,059 [Worker-3] INFO  o.e.m.c.i.embedder.EclipseLogger - Copying 0 resource
2018-04-08 21:02:51,536 [Worker-19] INFO  o.e.m.c.i.embedder.EclipseLogger - Using 'UTF-8' encoding to copy filtered resources.
2018-04-08 21:02:51,536 [Worker-19] INFO  o.e.m.c.i.embedder.EclipseLogger - Copying 0 resource
2018-04-08 21:02:51,537 [Worker-19] INFO  o.e.m.c.i.embedder.EclipseLogger - Using 'UTF-8' encoding to copy filtered resources.
2018-04-08 21:02:51,537 [Worker-19] INFO  o.e.m.c.i.embedder.EclipseLogger - Copying 0 resource
2018-04-08 21:02:51,834 [Worker-15] INFO  o.e.m.c.i.embedder.EclipseLogger - Using 'UTF-8' encoding to copy filtered resources.
2018-04-08 21:02:51,834 [Worker-15] INFO  o.e.m.c.i.embedder.EclipseLogger - Copying 0 resource
2018-04-08 21:02:51,835 [Worker-15] INFO  o.e.m.c.i.embedder.EclipseLogger - Using 'UTF-8' encoding to copy filtered resources.
2018-04-08 21:02:51,835 [Worker-15] INFO  o.e.m.c.i.embedder.EclipseLogger - Copying 0 resource
2018-04-08 21:37:37,072 [Worker-1] INFO  c.g.t.t.d.PublishedGradleVersions - Gradle version information cache is up-to-date. Trying to read.
2018-04-08 21:37:39,836 [Worker-3] INFO  o.e.m.c.i.embedder.EclipseLogger - Using 'UTF-8' encoding to copy filtered resources.
2018-04-08 21:37:39,843 [Worker-3] INFO  o.e.m.c.i.embedder.EclipseLogger - Copying 0 resource
2018-04-08 21:37:39,846 [Worker-3] INFO  o.e.m.c.i.embedder.EclipseLogger - Using 'UTF-8' encoding to copy filtered resources.
2018-04-08 21:37:39,846 [Worker-3] INFO  o.e.m.c.i.embedder.EclipseLogger - Copying 0 resource
2018-04-08 21:41:40,849 [Worker-29] INFO  o.e.m.c.i.embedder.EclipseLogger - Using 'UTF-8' encoding to copy filtered resources.
2018-04-08 21:41:40,849 [Worker-29] INFO  o.e.m.c.i.embedder.EclipseLogger - Copying 0 resource
2018-04-08 21:41:40,850 [Worker-29] INFO  o.e.m.c.i.embedder.EclipseLogger - Using 'UTF-8' encoding to copy filtered resources.
2018-04-08 21:41:40,851 [Worker-29] INFO  o.e.m.c.i.embedder.EclipseLogger - Copying 0 resource
2018-04-08 21:41:48,284 [Worker-9] INFO  o.e.m.c.i.embedder.EclipseLogger - Using 'UTF-8' encoding to copy filtered resources.
2018-04-08 21:41:48,284 [Worker-9] INFO  o.e.m.c.i.embedder.EclipseLogger - Copying 0 resource
2018-04-08 21:41:48,285 [Worker-9] INFO  o.e.m.c.i.embedder.EclipseLogger - Using 'UTF-8' encoding to copy filtered resources.
2018-04-08 21:41:48,286 [Worker-9] INFO  o.e.m.c.i.embedder.EclipseLogger - Copying 0 resource
2018-04-08 21:49:49,146 [Worker-35] INFO  o.e.m.c.i.embedder.EclipseLogger - Using 'UTF-8' encoding to copy filtered resources.
2018-04-08 21:49:49,151 [Worker-35] INFO  o.e.m.c.i.embedder.EclipseLogger - Copying 0 resource
2018-04-08 21:49:49,153 [Worker-35] INFO  o.e.m.c.i.embedder.EclipseLogger - Using 'UTF-8' encoding to copy filtered resources.
2018-04-08 21:49:49,153 [Worker-35] INFO  o.e.m.c.i.embedder.EclipseLogger - Copying 0 resource
2018-04-08 21:49:50,224 [Worker-35] INFO  o.e.m.c.i.embedder.EclipseLogger - Using 'UTF-8' encoding to copy filtered resources.
2018-04-08 21:49:50,224 [Worker-35] INFO  o.e.m.c.i.embedder.EclipseLogger - Copying 0 resource
2018-04-08 21:49:50,225 [Worker-35] INFO  o.e.m.c.i.embedder.EclipseLogger - Using 'UTF-8' encoding to copy filtered resources.
2018-04-08 21:49:50,225 [Worker-35] INFO  o.e.m.c.i.embedder.EclipseLogger - Copying 0 resource
2018-04-08 21:49:51,296 [Worker-29] INFO  o.e.m.c.i.embedder.EclipseLogger - Using 'UTF-8' encoding to copy filtered resources.
2018-04-08 21:49:51,297 [Worker-29] INFO  o.e.m.c.i.embedder.EclipseLogger - Copying 0 resource
2018-04-08 21:49:51,298 [Worker-29] INFO  o.e.m.c.i.embedder.EclipseLogger - Using 'UTF-8' encoding to copy filtered resources.
2018-04-08 21:49:51,298 [Worker-29] INFO  o.e.m.c.i.embedder.EclipseLogger - Copying 0 resource
2018-04-08 21:50:20,606 [Worker-36] INFO  o.e.m.c.i.embedder.EclipseLogger - Using 'UTF-8' encoding to copy filtered resources.
2018-04-08 21:50:20,606 [Worker-36] INFO  o.e.m.c.i.embedder.EclipseLogger - Copying 0 resource
2018-04-08 21:50:20,607 [Worker-36] INFO  o.e.m.c.i.embedder.EclipseLogger - Using 'UTF-8' encoding to copy filtered resources.
2018-04-08 21:50:20,608 [Worker-36] INFO  o.e.m.c.i.embedder.EclipseLogger - Copying 0 resource
2018-04-08 21:50:27,864 [Worker-29] INFO  o.e.m.c.i.embedder.EclipseLogger - Using 'UTF-8' encoding to copy filtered resources.
2018-04-08 21:50:27,864 [Worker-29] INFO  o.e.m.c.i.embedder.EclipseLogger - Copying 0 resource
2018-04-08 21:50:27,865 [Worker-29] INFO  o.e.m.c.i.embedder.EclipseLogger - Using 'UTF-8' encoding to copy filtered resources.
2018-04-08 21:50:27,865 [Worker-29] INFO  o.e.m.c.i.embedder.EclipseLogger - Copying 0 resource
2018-04-08 21:51:03,533 [Worker-29] INFO  o.e.m.c.i.embedder.EclipseLogger - Using 'UTF-8' encoding to copy filtered resources.
2018-04-08 21:51:03,534 [Worker-29] INFO  o.e.m.c.i.embedder.EclipseLogger - Copying 0 resource
2018-04-08 21:51:03,535 [Worker-29] INFO  o.e.m.c.i.embedder.EclipseLogger - Using 'UTF-8' encoding to copy filtered resources.
2018-04-08 21:51:03,535 [Worker-29] INFO  o.e.m.c.i.embedder.EclipseLogger - Copying 0 resource
2018-04-08 21:51:12,830 [Worker-29] INFO  o.e.m.c.i.embedder.EclipseLogger - Using 'UTF-8' encoding to copy filtered resources.
2018-04-08 21:51:12,830 [Worker-29] INFO  o.e.m.c.i.embedder.EclipseLogger - Copying 0 resource
2018-04-08 21:51:12,831 [Worker-29] INFO  o.e.m.c.i.embedder.EclipseLogger - Using 'UTF-8' encoding to copy filtered resources.
2018-04-08 21:51:12,831 [Worker-29] INFO  o.e.m.c.i.embedder.EclipseLogger - Copying 0 resource
2018-04-08 21:51:46,971 [Worker-32] INFO  o.e.m.c.i.embedder.EclipseLogger - Using 'UTF-8' encoding to copy filtered resources.
2018-04-08 21:51:46,972 [Worker-32] INFO  o.e.m.c.i.embedder.EclipseLogger - Copying 0 resource
2018-04-08 21:51:46,976 [Worker-32] INFO  o.e.m.c.i.embedder.EclipseLogger - Using 'UTF-8' encoding to copy filtered resources.
2018-04-08 21:51:46,976 [Worker-32] INFO  o.e.m.c.i.embedder.EclipseLogger - Copying 0 resource
2018-04-08 21:51:54,497 [Worker-38] INFO  o.e.m.c.i.embedder.EclipseLogger - Using 'UTF-8' encoding to copy filtered resources.
2018-04-08 21:51:54,498 [Worker-38] INFO  o.e.m.c.i.embedder.EclipseLogger - Copying 0 resource
2018-04-08 21:51:54,499 [Worker-38] INFO  o.e.m.c.i.embedder.EclipseLogger - Using 'UTF-8' encoding to copy filtered resources.
2018-04-08 21:51:54,499 [Worker-38] INFO  o.e.m.c.i.embedder.EclipseLogger - Copying 0 resource
2018-04-08 21:53:08,409 [Worker-36] INFO  o.e.m.c.i.embedder.EclipseLogger - Using 'UTF-8' encoding to copy filtered resources.
2018-04-08 21:53:08,410 [Worker-36] INFO  o.e.m.c.i.embedder.EclipseLogger - Copying 0 resource
2018-04-08 21:53:08,411 [Worker-36] INFO  o.e.m.c.i.embedder.EclipseLogger - Using 'UTF-8' encoding to copy filtered resources.
2018-04-08 21:53:08,411 [Worker-36] INFO  o.e.m.c.i.embedder.EclipseLogger - Copying 0 resource
2018-04-08 21:53:16,620 [Worker-32] INFO  o.e.m.c.i.embedder.EclipseLogger - Using 'UTF-8' encoding to copy filtered resources.
2018-04-08 21:53:16,621 [Worker-32] INFO  o.e.m.c.i.embedder.EclipseLogger - Copying 0 resource
2018-04-08 21:53:16,622 [Worker-32] INFO  o.e.m.c.i.embedder.EclipseLogger - Using 'UTF-8' encoding to copy filtered resources.
2018-04-08 21:53:16,622 [Worker-32] INFO  o.e.m.c.i.embedder.EclipseLogger - Copying 0 resource
2018-04-08 21:55:02,769 [Worker-36] INFO  o.e.m.c.i.embedder.EclipseLogger - Using 'UTF-8' encoding to copy filtered resources.
2018-04-08 21:55:02,769 [Worker-36] INFO  o.e.m.c.i.embedder.EclipseLogger - Copying 0 resource
2018-04-08 21:55:02,771 [Worker-36] INFO  o.e.m.c.i.embedder.EclipseLogger - Using 'UTF-8' encoding to copy filtered resources.
2018-04-08 21:55:02,775 [Worker-36] INFO  o.e.m.c.i.embedder.EclipseLogger - Copying 0 resource
2018-04-08 21:55:12,643 [Worker-41] INFO  o.e.m.c.i.embedder.EclipseLogger - Using 'UTF-8' encoding to copy filtered resources.
2018-04-08 21:55:12,643 [Worker-41] INFO  o.e.m.c.i.embedder.EclipseLogger - Copying 0 resource
2018-04-08 21:55:12,660 [Worker-41] INFO  o.e.m.c.i.embedder.EclipseLogger - Using 'UTF-8' encoding to copy filtered resources.
2018-04-08 21:55:12,660 [Worker-41] INFO  o.e.m.c.i.embedder.EclipseLogger - Copying 0 resource
2018-04-08 21:55:38,154 [Worker-42] INFO  o.e.m.c.i.embedder.EclipseLogger - Using 'UTF-8' encoding to copy filtered resources.
2018-04-08 21:55:38,155 [Worker-42] INFO  o.e.m.c.i.embedder.EclipseLogger - Copying 1 resource
2018-04-08 21:55:38,167 [Worker-42] INFO  o.e.m.c.i.embedder.EclipseLogger - Using 'UTF-8' encoding to copy filtered resources.
2018-04-08 21:55:38,167 [Worker-42] INFO  o.e.m.c.i.embedder.EclipseLogger - Copying 0 resource
2018-04-08 21:56:40,187 [Worker-40] INFO  o.e.m.c.i.embedder.EclipseLogger - Using 'UTF-8' encoding to copy filtered resources.
2018-04-08 21:56:40,187 [Worker-40] INFO  o.e.m.c.i.embedder.EclipseLogger - Copying 1 resource
2018-04-08 21:56:40,190 [Worker-40] INFO  o.e.m.c.i.embedder.EclipseLogger - Using 'UTF-8' encoding to copy filtered resources.
2018-04-08 21:56:40,190 [Worker-40] INFO  o.e.m.c.i.embedder.EclipseLogger - Copying 0 resource
2018-04-08 21:57:21,595 [Worker-43] INFO  o.e.m.c.i.embedder.EclipseLogger - Using 'UTF-8' encoding to copy filtered resources.
2018-04-08 21:57:21,596 [Worker-43] INFO  o.e.m.c.i.embedder.EclipseLogger - Copying 1 resource
2018-04-08 21:57:21,603 [Worker-43] INFO  o.e.m.c.i.embedder.EclipseLogger - Using 'UTF-8' encoding to copy filtered resources.
2018-04-08 21:57:21,603 [Worker-43] INFO  o.e.m.c.i.embedder.EclipseLogger - Copying 0 resource
2018-04-08 21:57:44,839 [Worker-43] INFO  o.e.m.c.i.embedder.EclipseLogger - Using 'UTF-8' encoding to copy filtered resources.
2018-04-08 21:57:44,840 [Worker-43] INFO  o.e.m.c.i.embedder.EclipseLogger - Copying 1 resource
2018-04-08 21:57:44,841 [Worker-43] INFO  o.e.m.c.i.embedder.EclipseLogger - Using 'UTF-8' encoding to copy filtered resources.
2018-04-08 21:57:44,842 [Worker-43] INFO  o.e.m.c.i.embedder.EclipseLogger - Copying 0 resource
2018-04-08 21:59:16,101 [Worker-46] INFO  o.e.m.c.i.embedder.EclipseLogger - Using 'UTF-8' encoding to copy filtered resources.
2018-04-08 21:59:16,101 [Worker-46] INFO  o.e.m.c.i.embedder.EclipseLogger - Copying 0 resource
2018-04-08 21:59:16,103 [Worker-46] INFO  o.e.m.c.i.embedder.EclipseLogger - Using 'UTF-8' encoding to copy filtered resources.
2018-04-08 21:59:16,103 [Worker-46] INFO  o.e.m.c.i.embedder.EclipseLogger - Copying 0 resource
2018-04-08 21:59:37,362 [Worker-29] INFO  o.e.m.c.i.embedder.EclipseLogger - Using 'UTF-8' encoding to copy filtered resources.
2018-04-08 21:59:37,362 [Worker-29] INFO  o.e.m.c.i.embedder.EclipseLogger - Copying 1 resource
2018-04-08 21:59:37,364 [Worker-29] INFO  o.e.m.c.i.embedder.EclipseLogger - Using 'UTF-8' encoding to copy filtered resources.
2018-04-08 21:59:37,364 [Worker-29] INFO  o.e.m.c.i.embedder.EclipseLogger - Copying 0 resource
2018-04-08 21:59:57,040 [Worker-29] INFO  o.e.m.c.i.embedder.EclipseLogger - Using 'UTF-8' encoding to copy filtered resources.
2018-04-08 21:59:57,040 [Worker-29] INFO  o.e.m.c.i.embedder.EclipseLogger - Copying 1 resource
2018-04-08 21:59:57,042 [Worker-29] INFO  o.e.m.c.i.embedder.EclipseLogger - Using 'UTF-8' encoding to copy filtered resources.
2018-04-08 21:59:57,042 [Worker-29] INFO  o.e.m.c.i.embedder.EclipseLogger - Copying 0 resource
2018-04-08 22:02:11,173 [Worker-47] INFO  o.e.m.c.i.embedder.EclipseLogger - Using 'UTF-8' encoding to copy filtered resources.
2018-04-08 22:02:11,173 [Worker-47] INFO  o.e.m.c.i.embedder.EclipseLogger - Copying 1 resource
2018-04-08 22:02:11,176 [Worker-47] INFO  o.e.m.c.i.embedder.EclipseLogger - Using 'UTF-8' encoding to copy filtered resources.
2018-04-08 22:02:11,176 [Worker-47] INFO  o.e.m.c.i.embedder.EclipseLogger - Copying 0 resource
2018-04-08 22:04:00,392 [Worker-48] INFO  o.e.m.c.i.embedder.EclipseLogger - Using 'UTF-8' encoding to copy filtered resources.
2018-04-08 22:04:00,393 [Worker-48] INFO  o.e.m.c.i.embedder.EclipseLogger - Copying 1 resource
2018-04-08 22:04:00,395 [Worker-48] INFO  o.e.m.c.i.embedder.EclipseLogger - Using 'UTF-8' encoding to copy filtered resources.
2018-04-08 22:04:00,395 [Worker-48] INFO  o.e.m.c.i.embedder.EclipseLogger - Copying 0 resource
2018-04-08 22:04:15,511 [Worker-48] INFO  o.e.m.c.i.embedder.EclipseLogger - Using 'UTF-8' encoding to copy filtered resources.
2018-04-08 22:04:15,512 [Worker-48] INFO  o.e.m.c.i.embedder.EclipseLogger - Copying 0 resource
2018-04-08 22:04:15,513 [Worker-48] INFO  o.e.m.c.i.embedder.EclipseLogger - Using 'UTF-8' encoding to copy filtered resources.
2018-04-08 22:04:15,513 [Worker-48] INFO  o.e.m.c.i.embedder.EclipseLogger - Copying 0 resource
2018-04-08 22:04:29,960 [Worker-46] INFO  o.e.m.c.i.embedder.EclipseLogger - Using 'UTF-8' encoding to copy filtered resources.
2018-04-08 22:04:29,960 [Worker-46] INFO  o.e.m.c.i.embedder.EclipseLogger - Copying 0 resource
2018-04-08 22:04:29,961 [Worker-46] INFO  o.e.m.c.i.embedder.EclipseLogger - Using 'UTF-8' encoding to copy filtered resources.
2018-04-08 22:04:29,961 [Worker-46] INFO  o.e.m.c.i.embedder.EclipseLogger - Copying 0 resource
2018-04-08 22:05:17,103 [Worker-47] INFO  o.e.m.c.i.embedder.EclipseLogger - Using 'UTF-8' encoding to copy filtered resources.
2018-04-08 22:05:17,103 [Worker-47] INFO  o.e.m.c.i.embedder.EclipseLogger - Copying 1 resource
2018-04-08 22:05:17,104 [Worker-47] INFO  o.e.m.c.i.embedder.EclipseLogger - Using 'UTF-8' encoding to copy filtered resources.
2018-04-08 22:05:17,104 [Worker-47] INFO  o.e.m.c.i.embedder.EclipseLogger - Copying 0 resource
2018-04-08 22:05:41,440 [Worker-49] INFO  o.e.m.c.i.embedder.EclipseLogger - Using 'UTF-8' encoding to copy filtered resources.
2018-04-08 22:05:41,440 [Worker-49] INFO  o.e.m.c.i.embedder.EclipseLogger - Copying 1 resource
2018-04-08 22:05:41,441 [Worker-49] INFO  o.e.m.c.i.embedder.EclipseLogger - Using 'UTF-8' encoding to copy filtered resources.
2018-04-08 22:05:41,442 [Worker-49] INFO  o.e.m.c.i.embedder.EclipseLogger - Copying 0 resource
2018-04-08 22:05:53,345 [Worker-49] INFO  o.e.m.c.i.embedder.EclipseLogger - Using 'UTF-8' encoding to copy filtered resources.
2018-04-08 22:05:53,345 [Worker-49] INFO  o.e.m.c.i.embedder.EclipseLogger - Copying 0 resource
2018-04-08 22:05:53,346 [Worker-49] INFO  o.e.m.c.i.embedder.EclipseLogger - Using 'UTF-8' encoding to copy filtered resources.
2018-04-08 22:05:53,346 [Worker-49] INFO  o.e.m.c.i.embedder.EclipseLogger - Copying 0 resource
2018-04-08 22:06:09,767 [Worker-49] INFO  o.e.m.c.i.embedder.EclipseLogger - Using 'UTF-8' encoding to copy filtered resources.
2018-04-08 22:06:09,767 [Worker-49] INFO  o.e.m.c.i.embedder.EclipseLogger - Copying 1 resource
2018-04-08 22:06:09,768 [Worker-49] INFO  o.e.m.c.i.embedder.EclipseLogger - Using 'UTF-8' encoding to copy filtered resources.
2018-04-08 22:06:09,768 [Worker-49] INFO  o.e.m.c.i.embedder.EclipseLogger - Copying 0 resource
2018-04-08 22:06:16,548 [Worker-48] INFO  o.e.m.c.i.embedder.EclipseLogger - Using 'UTF-8' encoding to copy filtered resources.
2018-04-08 22:06:16,549 [Worker-48] INFO  o.e.m.c.i.embedder.EclipseLogger - Copying 0 resource
2018-04-08 22:06:16,550 [Worker-48] INFO  o.e.m.c.i.embedder.EclipseLogger - Using 'UTF-8' encoding to copy filtered resources.
2018-04-08 22:06:16,550 [Worker-48] INFO  o.e.m.c.i.embedder.EclipseLogger - Copying 0 resource
2018-04-08 22:06:32,795 [Worker-48] INFO  o.e.m.c.i.embedder.EclipseLogger - Using 'UTF-8' encoding to copy filtered resources.
2018-04-08 22:06:32,796 [Worker-48] INFO  o.e.m.c.i.embedder.EclipseLogger - Copying 1 resource
2018-04-08 22:06:32,797 [Worker-48] INFO  o.e.m.c.i.embedder.EclipseLogger - Using 'UTF-8' encoding to copy filtered resources.
2018-04-08 22:06:32,797 [Worker-48] INFO  o.e.m.c.i.embedder.EclipseLogger - Copying 0 resource
2018-04-08 22:07:12,844 [Worker-48] INFO  o.e.m.c.i.embedder.EclipseLogger - Using 'UTF-8' encoding to copy filtered resources.
2018-04-08 22:07:12,845 [Worker-48] INFO  o.e.m.c.i.embedder.EclipseLogger - Copying 1 resource
2018-04-08 22:07:12,847 [Worker-48] INFO  o.e.m.c.i.embedder.EclipseLogger - Using 'UTF-8' encoding to copy filtered resources.
2018-04-08 22:07:12,848 [Worker-48] INFO  o.e.m.c.i.embedder.EclipseLogger - Copying 0 resource
2018-04-08 22:07:23,299 [Worker-48] INFO  o.e.m.c.i.embedder.EclipseLogger - Using 'UTF-8' encoding to copy filtered resources.
2018-04-08 22:07:23,300 [Worker-48] INFO  o.e.m.c.i.embedder.EclipseLogger - Copying 1 resource
2018-04-08 22:07:23,301 [Worker-48] INFO  o.e.m.c.i.embedder.EclipseLogger - Using 'UTF-8' encoding to copy filtered resources.
2018-04-08 22:07:23,302 [Worker-48] INFO  o.e.m.c.i.embedder.EclipseLogger - Copying 0 resource
2018-04-08 22:08:47,786 [Worker-49] INFO  o.e.m.c.i.embedder.EclipseLogger - Using 'UTF-8' encoding to copy filtered resources.
2018-04-08 22:08:47,786 [Worker-49] INFO  o.e.m.c.i.embedder.EclipseLogger - Copying 1 resource
2018-04-08 22:08:47,789 [Worker-49] INFO  o.e.m.c.i.embedder.EclipseLogger - Using 'UTF-8' encoding to copy filtered resources.
2018-04-08 22:08:47,789 [Worker-49] INFO  o.e.m.c.i.embedder.EclipseLogger - Copying 0 resource
2018-04-08 22:09:27,987 [Worker-48] INFO  o.e.m.c.i.embedder.EclipseLogger - Using 'UTF-8' encoding to copy filtered resources.
2018-04-08 22:09:27,988 [Worker-48] INFO  o.e.m.c.i.embedder.EclipseLogger - Copying 1 resource
2018-04-08 22:09:27,989 [Worker-48] INFO  o.e.m.c.i.embedder.EclipseLogger - Using 'UTF-8' encoding to copy filtered resources.
2018-04-08 22:09:27,989 [Worker-48] INFO  o.e.m.c.i.embedder.EclipseLogger - Copying 0 resource
2018-04-08 22:09:46,563 [Worker-49] INFO  o.e.m.c.i.embedder.EclipseLogger - Using 'UTF-8' encoding to copy filtered resources.
2018-04-08 22:09:46,564 [Worker-49] INFO  o.e.m.c.i.embedder.EclipseLogger - Copying 1 resource
2018-04-08 22:09:46,565 [Worker-49] INFO  o.e.m.c.i.embedder.EclipseLogger - Using 'UTF-8' encoding to copy filtered resources.
2018-04-08 22:09:46,566 [Worker-49] INFO  o.e.m.c.i.embedder.EclipseLogger - Copying 0 resource
2018-04-08 22:11:25,426 [Worker-51] INFO  o.e.m.c.i.embedder.EclipseLogger - Using 'UTF-8' encoding to copy filtered resources.
2018-04-08 22:11:25,426 [Worker-51] INFO  o.e.m.c.i.embedder.EclipseLogger - Copying 0 resource
2018-04-08 22:11:25,428 [Worker-51] INFO  o.e.m.c.i.embedder.EclipseLogger - Using 'UTF-8' encoding to copy filtered resources.
2018-04-08 22:11:25,428 [Worker-51] INFO  o.e.m.c.i.embedder.EclipseLogger - Copying 0 resource
2018-04-08 22:13:58,842 [Worker-55] INFO  o.e.m.c.i.embedder.EclipseLogger - Using 'UTF-8' encoding to copy filtered resources.
2018-04-08 22:13:58,843 [Worker-55] INFO  o.e.m.c.i.embedder.EclipseLogger - Copying 0 resource
2018-04-08 22:13:58,845 [Worker-55] INFO  o.e.m.c.i.embedder.EclipseLogger - Using 'UTF-8' encoding to copy filtered resources.
2018-04-08 22:13:58,845 [Worker-55] INFO  o.e.m.c.i.embedder.EclipseLogger - Copying 0 resource
2018-04-08 22:14:12,991 [Worker-55] INFO  o.e.m.c.i.embedder.EclipseLogger - Using 'UTF-8' encoding to copy filtered resources.
2018-04-08 22:14:12,992 [Worker-55] INFO  o.e.m.c.i.embedder.EclipseLogger - Copying 0 resource
2018-04-08 22:14:12,993 [Worker-55] INFO  o.e.m.c.i.embedder.EclipseLogger - Using 'UTF-8' encoding to copy filtered resources.
2018-04-08 22:14:12,993 [Worker-55] INFO  o.e.m.c.i.embedder.EclipseLogger - Copying 0 resource
2018-04-08 22:15:38,667 [Worker-57] INFO  o.e.m.c.i.embedder.EclipseLogger - Using 'UTF-8' encoding to copy filtered resources.
2018-04-08 22:15:38,667 [Worker-57] INFO  o.e.m.c.i.embedder.EclipseLogger - Copying 0 resource
2018-04-08 22:15:38,668 [Worker-57] INFO  o.e.m.c.i.embedder.EclipseLogger - Using 'UTF-8' encoding to copy filtered resources.
2018-04-08 22:15:38,668 [Worker-57] INFO  o.e.m.c.i.embedder.EclipseLogger - Copying 0 resource
2018-04-08 22:24:49,468 [Worker-60] INFO  o.e.m.c.i.embedder.EclipseLogger - Using 'UTF-8' encoding to copy filtered resources.
2018-04-08 22:24:49,468 [Worker-60] INFO  o.e.m.c.i.embedder.EclipseLogger - Copying 0 resource
2018-04-08 22:24:49,469 [Worker-60] INFO  o.e.m.c.i.embedder.EclipseLogger - Using 'UTF-8' encoding to copy filtered resources.
2018-04-08 22:24:49,469 [Worker-60] INFO  o.e.m.c.i.embedder.EclipseLogger - Copying 0 resource
2018-04-08 22:27:25,300 [Worker-62] INFO  o.e.m.c.i.embedder.EclipseLogger - Using 'UTF-8' encoding to copy filtered resources.
2018-04-08 22:27:25,300 [Worker-62] INFO  o.e.m.c.i.embedder.EclipseLogger - Copying 1 resource
2018-04-08 22:27:25,302 [Worker-62] INFO  o.e.m.c.i.embedder.EclipseLogger - Using 'UTF-8' encoding to copy filtered resources.
2018-04-08 22:27:25,303 [Worker-62] INFO  o.e.m.c.i.embedder.EclipseLogger - Copying 0 resource
2018-04-08 22:28:04,002 [Worker-62] INFO  o.e.m.c.i.embedder.EclipseLogger - Using 'UTF-8' encoding to copy filtered resources.
2018-04-08 22:28:04,002 [Worker-62] INFO  o.e.m.c.i.embedder.EclipseLogger - Copying 0 resource
2018-04-08 22:28:04,003 [Worker-62] INFO  o.e.m.c.i.embedder.EclipseLogger - Using 'UTF-8' encoding to copy filtered resources.
2018-04-08 22:28:04,003 [Worker-62] INFO  o.e.m.c.i.embedder.EclipseLogger - Copying 0 resource
2018-04-08 22:28:38,787 [Worker-59] INFO  o.e.m.c.i.embedder.EclipseLogger - Using 'UTF-8' encoding to copy filtered resources.
2018-04-08 22:28:38,788 [Worker-59] INFO  o.e.m.c.i.embedder.EclipseLogger - Copying 0 resource
2018-04-08 22:28:38,789 [Worker-59] INFO  o.e.m.c.i.embedder.EclipseLogger - Using 'UTF-8' encoding to copy filtered resources.
2018-04-08 22:28:38,789 [Worker-59] INFO  o.e.m.c.i.embedder.EclipseLogger - Copying 0 resource
2018-04-08 22:34:28,383 [Worker-61] INFO  o.e.m.c.i.embedder.EclipseLogger - Using 'UTF-8' encoding to copy filtered resources.
2018-04-08 22:34:28,384 [Worker-61] INFO  o.e.m.c.i.embedder.EclipseLogger - Copying 0 resource
2018-04-08 22:34:28,386 [Worker-61] INFO  o.e.m.c.i.embedder.EclipseLogger - Using 'UTF-8' encoding to copy filtered resources.
2018-04-08 22:34:28,386 [Worker-61] INFO  o.e.m.c.i.embedder.EclipseLogger - Copying 0 resource
2018-04-08 22:35:53,845 [Worker-56] INFO  o.e.m.c.i.embedder.EclipseLogger - Using 'UTF-8' encoding to copy filtered resources.
2018-04-08 22:35:53,855 [Worker-56] INFO  o.e.m.c.i.embedder.EclipseLogger - Copying 0 resource
2018-04-08 22:35:53,857 [Worker-56] INFO  o.e.m.c.i.embedder.EclipseLogger - Using 'UTF-8' encoding to copy filtered resources.
2018-04-08 22:35:53,857 [Worker-56] INFO  o.e.m.c.i.embedder.EclipseLogger - Copying 0 resource
2018-04-08 22:39:09,899 [Worker-61] INFO  o.e.m.c.i.embedder.EclipseLogger - Using 'UTF-8' encoding to copy filtered resources.
2018-04-08 22:39:09,900 [Worker-61] INFO  o.e.m.c.i.embedder.EclipseLogger - Copying 0 resource
2018-04-08 22:39:09,901 [Worker-61] INFO  o.e.m.c.i.embedder.EclipseLogger - Using 'UTF-8' encoding to copy filtered resources.
2018-04-08 22:39:09,902 [Worker-61] INFO  o.e.m.c.i.embedder.EclipseLogger - Copying 0 resource
2018-04-08 22:39:44,764 [Worker-59] INFO  o.e.m.i.launch.MavenLaunchDelegate - /home/dpf/eclipse/e-mall/e-manager
2018-04-08 22:39:44,765 [Worker-59] INFO  o.e.m.i.launch.MavenLaunchDelegate -  mvn -B -s /home/dpf/eclipse/e-mall/repository/settings.xml clean tomcat7:run
2018-04-08 22:47:06,382 [Worker-70] INFO  o.e.m.i.launch.MavenLaunchDelegate - /home/dpf/eclipse/e-mall/e-manager
2018-04-08 22:47:06,383 [Worker-70] INFO  o.e.m.i.launch.MavenLaunchDelegate -  mvn -B -s /home/dpf/eclipse/e-mall/repository/settings.xml clean tomcat7:run
2018-04-08 22:49:09,415 [Worker-65] INFO  o.e.m.c.i.embedder.EclipseLogger - Using 'UTF-8' encoding to copy filtered resources.
2018-04-08 22:49:09,416 [Worker-65] INFO  o.e.m.c.i.embedder.EclipseLogger - Copying 0 resource
2018-04-08 22:49:09,417 [Worker-65] INFO  o.e.m.c.i.embedder.EclipseLogger - Using 'UTF-8' encoding to copy filtered resources.
2018-04-08 22:49:09,419 [Worker-65] INFO  o.e.m.c.i.embedder.EclipseLogger - Copying 0 resource
2018-04-08 22:49:21,106 [Worker-73] INFO  o.e.m.i.launch.MavenLaunchDelegate - /home/dpf/eclipse/e-mall/e-manager
2018-04-08 22:49:21,106 [Worker-73] INFO  o.e.m.i.launch.MavenLaunchDelegate -  mvn -B -s /home/dpf/eclipse/e-mall/repository/settings.xml clean tomcat7:run
2018-04-08 22:50:17,060 [Worker-56] INFO  o.e.m.c.i.embedder.EclipseLogger - Using 'UTF-8' encoding to copy filtered resources.
2018-04-08 22:50:17,060 [Worker-56] INFO  o.e.m.c.i.embedder.EclipseLogger - Copying 0 resource
2018-04-08 22:50:17,061 [Worker-56] INFO  o.e.m.c.i.embedder.EclipseLogger - Using 'UTF-8' encoding to copy filtered resources.
2018-04-08 22:50:17,062 [Worker-56] INFO  o.e.m.c.i.embedder.EclipseLogger - Copying 0 resource
2018-04-08 22:50:17,069 [Worker-56] INFO  o.e.m.c.i.embedder.EclipseLogger - Using 'UTF-8' encoding to copy filtered resources.
2018-04-08 22:50:17,069 [Worker-56] INFO  o.e.m.c.i.embedder.EclipseLogger - Copying 0 resource
2018-04-08 22:50:17,070 [Worker-56] INFO  o.e.m.c.i.embedder.EclipseLogger - Using 'UTF-8' encoding to copy filtered resources.
2018-04-08 22:50:17,071 [Worker-56] INFO  o.e.m.c.i.embedder.EclipseLogger - Copying 0 resource
2018-04-08 22:50:17,077 [Worker-56] INFO  o.e.m.c.i.embedder.EclipseLogger - Using 'UTF-8' encoding to copy filtered resources.
2018-04-08 22:50:17,077 [Worker-56] INFO  o.e.m.c.i.embedder.EclipseLogger - Copying 0 resource
2018-04-08 22:50:17,078 [Worker-56] INFO  o.e.m.c.i.embedder.EclipseLogger - Using 'UTF-8' encoding to copy filtered resources.
2018-04-08 22:50:17,079 [Worker-56] INFO  o.e.m.c.i.embedder.EclipseLogger - Copying 0 resource
2018-04-08 22:50:35,866 [Worker-56] INFO  o.e.m.i.launch.MavenLaunchDelegate - /home/dpf/eclipse/e-mall/e-manager
2018-04-08 22:50:35,866 [Worker-56] INFO  o.e.m.i.launch.MavenLaunchDelegate -  mvn -B -s /home/dpf/eclipse/e-mall/repository/settings.xml clean tomcat7:run
2018-04-08 22:51:35,696 [Worker-66] INFO  o.e.m.c.i.embedder.EclipseLogger - Using 'UTF-8' encoding to copy filtered resources.
2018-04-08 22:51:35,696 [Worker-66] INFO  o.e.m.c.i.embedder.EclipseLogger - Copying 0 resource
2018-04-08 22:51:35,697 [Worker-66] INFO  o.e.m.c.i.embedder.EclipseLogger - Using 'UTF-8' encoding to copy filtered resources.
2018-04-08 22:51:35,697 [Worker-66] INFO  o.e.m.c.i.embedder.EclipseLogger - Copying 0 resource
2018-04-08 22:51:50,143 [Worker-60] INFO  o.e.m.i.launch.MavenLaunchDelegate - /home/dpf/eclipse/e-mall/e-manager
2018-04-08 22:51:50,143 [Worker-60] INFO  o.e.m.i.launch.MavenLaunchDelegate -  mvn -B -s /home/dpf/eclipse/e-mall/repository/settings.xml clean tomcat7:run
2018-04-08 22:54:44,308 [Worker-65] INFO  o.e.m.i.launch.MavenLaunchDelegate - /home/dpf/eclipse/e-mall/e-manager
2018-04-08 22:54:44,309 [Worker-65] INFO  o.e.m.i.launch.MavenLaunchDelegate -  mvn -B -s /home/dpf/eclipse/e-mall/repository/settings.xml clean tomcat7:run
2018-04-08 22:58:40,770 [Worker-68] INFO  o.e.m.c.i.l.LifecycleMappingFactory - Using org.eclipse.m2e.jdt.JarLifecycleMapping lifecycle mapping for MavenProject: com.seu.edu:e-manager-dao:0.0.1-SNAPSHOT @ /home/dpf/eclipse/e-mall/e-manager/e-manager-dao/pom.xml.
2018-04-08 22:58:41,012 [Worker-68] INFO  o.e.m.c.i.embedder.EclipseLogger - Using 'UTF-8' encoding to copy filtered resources.
2018-04-08 22:58:41,013 [Worker-68] INFO  o.e.m.c.i.embedder.EclipseLogger - Copying 0 resource
2018-04-08 22:58:41,014 [Worker-68] INFO  o.e.m.c.i.embedder.EclipseLogger - Using 'UTF-8' encoding to copy filtered resources.
2018-04-08 22:58:41,014 [Worker-68] INFO  o.e.m.c.i.embedder.EclipseLogger - Copying 0 resource
2018-04-08 22:59:57,850 [Worker-64] INFO  o.e.m.i.launch.MavenLaunchDelegate - /home/dpf/eclipse/e-mall/e-manager
2018-04-08 22:59:57,850 [Worker-64] INFO  o.e.m.i.launch.MavenLaunchDelegate -  mvn -B -s /home/dpf/eclipse/e-mall/repository/settings.xml clean tomcat7:run
2018-04-08 23:05:33,457 [Worker-61] INFO  o.e.m.c.i.embedder.EclipseLogger - Using 'UTF-8' encoding to copy filtered resources.
2018-04-08 23:05:33,457 [Worker-61] INFO  o.e.m.c.i.embedder.EclipseLogger - Copying 0 resource
2018-04-08 23:05:33,459 [Worker-61] INFO  o.e.m.c.i.embedder.EclipseLogger - Using 'UTF-8' encoding to copy filtered resources.
2018-04-08 23:05:33,459 [Worker-61] INFO  o.e.m.c.i.embedder.EclipseLogger - Copying 0 resource
2018-04-08 23:06:24,147 [Worker-67] INFO  o.e.m.c.i.embedder.EclipseLogger - Using 'UTF-8' encoding to copy filtered resources.
2018-04-08 23:06:24,147 [Worker-67] INFO  o.e.m.c.i.embedder.EclipseLogger - Copying 0 resource
2018-04-08 23:06:24,149 [Worker-67] INFO  o.e.m.c.i.embedder.EclipseLogger - Using 'UTF-8' encoding to copy filtered resources.
2018-04-08 23:06:24,149 [Worker-67] INFO  o.e.m.c.i.embedder.EclipseLogger - Copying 0 resource
2018-04-08 23:06:38,910 [Worker-56] INFO  o.e.m.i.launch.MavenLaunchDelegate - /home/dpf/eclipse/e-mall/e-manager
2018-04-08 23:06:38,910 [Worker-56] INFO  o.e.m.i.launch.MavenLaunchDelegate -  mvn -B -s /home/dpf/eclipse/e-mall/repository/settings.xml clean tomcat7:run
2018-04-08 23:07:12,153 [Worker-61] INFO  o.e.m.c.i.e.AbstractTransferListenerAdapter - Downloading https://repo.maven.apache.org/maven2/org/springframework/spring-beans/4.2.4.RELEASE/spring-beans-4.2.4.RELEASE-sources.jar
2018-04-08 23:07:13,532 [Worker-61] INFO  o.e.m.c.i.e.AbstractTransferListenerAdapter - Downloaded https://repo.maven.apache.org/maven2/org/springframework/spring-beans/4.2.4.RELEASE/spring-beans-4.2.4.RELEASE-sources.jar
2018-04-08 23:07:13,723 [Worker-61] INFO  o.e.m.j.internal.DownloadSourcesJob - Downloaded sources for org.springframework:spring-beans:4.2.4.RELEASE
2018-04-08 23:07:13,943 [Worker-56] INFO  o.e.m.c.i.embedder.EclipseLogger - Using 'UTF-8' encoding to copy filtered resources.
2018-04-08 23:07:13,943 [Worker-56] INFO  o.e.m.c.i.embedder.EclipseLogger - Copying 0 resource
2018-04-08 23:07:13,944 [Worker-56] INFO  o.e.m.c.i.embedder.EclipseLogger - Using 'UTF-8' encoding to copy filtered resources.
2018-04-08 23:07:13,945 [Worker-56] INFO  o.e.m.c.i.embedder.EclipseLogger - Copying 0 resource
2018-04-10 09:37:41,317 [Worker-67] INFO  o.e.m.c.i.embedder.EclipseLogger - Using 'UTF-8' encoding to copy filtered resources.
2018-04-10 09:37:41,317 [Worker-67] INFO  o.e.m.c.i.embedder.EclipseLogger - Copying 0 resource
2018-04-10 09:37:41,319 [Worker-67] INFO  o.e.m.c.i.embedder.EclipseLogger - Using 'UTF-8' encoding to copy filtered resources.
2018-04-10 09:37:41,320 [Worker-67] INFO  o.e.m.c.i.embedder.EclipseLogger - Copying 0 resource
2018-04-10 09:37:51,638 [Worker-69] INFO  o.e.m.i.launch.MavenLaunchDelegate - /home/dpf/eclipse/e-mall/e-manager
2018-04-10 09:37:51,638 [Worker-69] INFO  o.e.m.i.launch.MavenLaunchDelegate -  mvn -B -s /home/dpf/eclipse/e-mall/repository/settings.xml clean tomcat7:run
2018-04-10 09:43:47,600 [Worker-70] INFO  o.e.m.i.launch.MavenLaunchDelegate - /home/dpf/eclipse/e-mall/e-manager
2018-04-10 09:43:47,601 [Worker-70] INFO  o.e.m.i.launch.MavenLaunchDelegate -  mvn -B -s /home/dpf/eclipse/e-mall/repository/settings.xml clean tomcat7:run
2018-04-10 09:43:47,716 [Worker-71] INFO  o.e.m.c.i.embedder.EclipseLogger - Using 'UTF-8' encoding to copy filtered resources.
2018-04-10 09:43:47,716 [Worker-71] INFO  o.e.m.c.i.embedder.EclipseLogger - Copying 0 resource
2018-04-10 09:43:47,718 [Worker-71] INFO  o.e.m.c.i.embedder.EclipseLogger - Using 'UTF-8' encoding to copy filtered resources.
2018-04-10 09:43:47,719 [Worker-71] INFO  o.e.m.c.i.embedder.EclipseLogger - Copying 0 resource
2018-04-10 09:45:26,822 [Worker-74] INFO  o.e.m.c.i.embedder.EclipseLogger - Using 'UTF-8' encoding to copy filtered resources.
2018-04-10 09:45:26,823 [Worker-74] INFO  o.e.m.c.i.embedder.EclipseLogger - Copying 1 resource
2018-04-10 09:45:26,824 [Worker-74] INFO  o.e.m.c.i.embedder.EclipseLogger - Using 'UTF-8' encoding to copy filtered resources.
2018-04-10 09:45:26,825 [Worker-74] INFO  o.e.m.c.i.embedder.EclipseLogger - Copying 0 resource
2018-04-10 09:45:38,969 [Worker-67] INFO  o.e.m.i.launch.MavenLaunchDelegate - /home/dpf/eclipse/e-mall/e-manager
2018-04-10 09:45:38,969 [Worker-67] INFO  o.e.m.i.launch.MavenLaunchDelegate -  mvn -B -s /home/dpf/eclipse/e-mall/repository/settings.xml clean tomcat7:run
